Using pre-set license
Built from '6000.0/staging' branch; Version is '6000.0.47f1 (2ad1ed33fd3b) revision 2806253'; Using compiler version '193933523'; Build Type 'Release'
OS: 'Windows 11  (10.0.22631) 64bit Professional' Language: 'en' Physical Memory: 32693 MB
BatchMode: 1, IsHumanControllingUs: 0, StartBugReporterOnCrash: 0, Is64bit: 1, IsPro: 1

COMMAND LINE ARGUMENTS:
C:\Program Files\Unity\Hub\Editor\6000.0.47f1\Editor\Unity.exe
-adb2
-batchMode
-noUpm
-name
AssetImportWorker6
-projectPath
C:/Users/SarcasticLord/Documents/block/BlockbusterSimulator
-logFile
Logs/AssetImportWorker6.log
-srvPort
60600
-job-worker-count
5
-background-job-worker-count
8
-gc-helper-count
1
Successfully changed project path to: C:/Users/SarcasticLord/Documents/block/BlockbusterSimulator
C:/Users/SarcasticLord/Documents/block/BlockbusterSimulator
[UnityMemory] Configuration Parameters - Can be set up in boot.config
    "memorysetup-bucket-allocator-granularity=16"
    "memorysetup-bucket-allocator-bucket-count=8"
    "memorysetup-bucket-allocator-block-size=33554432"
    "memorysetup-bucket-allocator-block-count=8"
    "memorysetup-main-allocator-block-size=16777216"
    "memorysetup-thread-allocator-block-size=16777216"
    "memorysetup-gfx-main-allocator-block-size=16777216"
    "memorysetup-gfx-thread-allocator-block-size=16777216"
    "memorysetup-cache-allocator-block-size=4194304"
    "memorysetup-typetree-allocator-block-size=2097152"
    "memorysetup-profiler-bucket-allocator-granularity=16"
    "memorysetup-profiler-bucket-allocator-bucket-count=8"
    "memorysetup-profiler-bucket-allocator-block-size=33554432"
    "memorysetup-profiler-bucket-allocator-block-count=8"
    "memorysetup-profiler-allocator-block-size=16777216"
    "memorysetup-profiler-editor-allocator-block-size=1048576"
    "memorysetup-temp-allocator-size-main=16777216"
    "memorysetup-job-temp-allocator-block-size=2097152"
    "memorysetup-job-temp-allocator-block-size-background=1048576"
    "memorysetup-job-temp-allocator-reduction-small-platforms=262144"
    "memorysetup-allocator-temp-initial-block-size-main=262144"
    "memorysetup-allocator-temp-initial-block-size-worker=262144"
    "memorysetup-temp-allocator-size-background-worker=32768"
    "memorysetup-temp-allocator-size-job-worker=262144"
    "memorysetup-temp-allocator-size-preload-manager=33554432"
    "memorysetup-temp-allocator-size-nav-mesh-worker=65536"
    "memorysetup-temp-allocator-size-audio-worker=65536"
    "memorysetup-temp-allocator-size-cloud-worker=32768"
    "memorysetup-temp-allocator-size-gi-baking-worker=262144"
    "memorysetup-temp-allocator-size-gi-baking-worker=262144"
    "memorysetup-temp-allocator-size-gi-baking-worker=262144"
    "memorysetup-temp-allocator-size-gi-baking-worker=262144"
    "memorysetup-temp-allocator-size-gi-baking-worker=262144"
    "memorysetup-temp-allocator-size-gfx=262144"
Player connection [18324]  Target information:

Player connection [18324]  * "[IP] 10.7.27.130 [Port] 0 [Flags] 2 [Guid] 290682194 [EditorId] 290682194 [Version] 1048832 [Id] WindowsEditor(7,Type-40-Mk-1-TT) [Debug] 1 [PackageName] WindowsEditor [ProjectName] Editor" 

Player connection [18324] Host joined multi-casting on [225.0.0.222:54997]...
Player connection [18324] Host joined alternative multi-casting on [225.0.0.222:34997]...
JobSystem: Creating JobQueue using job-worker-count value 5
Input System module state changed to: Initialized.
[Physics::Module] Initialized fallback backend.
[Physics::Module] Id: 0xdecafbad
Library Redirect Path: Library/
[Physics::Module] Selected backend.
[Physics::Module] Name: PhysX
[Physics::Module] Id: 0xf2b8ea05
[Physics::Module] SDK Version: 4.1.2
[Physics::Module] Integration Version: 1.0.0
[Physics::Module] Threading Mode: Multi-Threaded
Refreshing native plugins compatible for Editor in 2.00 ms, found 3 plugins.
Preloading 0 native plugins for Editor in 0.00 ms.
Initialize engine version: 6000.0.47f1 (2ad1ed33fd3b)
[Subsystems] Discovering subsystems at path C:/Program Files/Unity/Hub/Editor/6000.0.47f1/Editor/Data/Resources/UnitySubsystems
[Subsystems] Discovering subsystems at path C:/Users/SarcasticLord/Documents/block/BlockbusterSimulator/Assets
GfxDevice: creating device client; kGfxThreadingModeNonThreaded
Direct3D:
    Version:  Direct3D 11.0 [level 11.1]
    Renderer: NVIDIA GeForce RTX 3070 (ID=0x2484)
    Vendor:   NVIDIA
    VRAM:     8018 MB
    Driver:   32.0.15.8180
Initialize mono
Mono path[0] = 'C:/Program Files/Unity/Hub/Editor/6000.0.47f1/Editor/Data/Managed'
Mono path[1] = 'C:/Program Files/Unity/Hub/Editor/6000.0.47f1/Editor/Data/MonoBleedingEdge/lib/mono/unityjit-win32'
Mono config path = 'C:/Program Files/Unity/Hub/Editor/6000.0.47f1/Editor/Data/MonoBleedingEdge/etc'
Using monoOptions --debugger-agent=transport=dt_socket,embedding=1,server=y,suspend=n,address=127.0.0.1:56608
Begin MonoManager ReloadAssembly
Registering precompiled unity dll's ...
Register platform support module: C:/Program Files/Unity/Hub/Editor/6000.0.47f1/Editor/Data/PlaybackEngines/WindowsStandaloneSupport/UnityEditor.WindowsStandalone.Extensions.dll
Register platform support module: C:/Program Files/Unity/Hub/Editor/6000.0.47f1/Editor/Data/PlaybackEngines/AndroidPlayer/UnityEditor.Android.Extensions.dll
Register platform support module: C:/Program Files/Unity/Hub/Editor/6000.0.47f1/Editor/Data/PlaybackEngines/iOSSupport/UnityEditor.iOS.Extensions.dll
Registered in 0.004909 seconds.
- Loaded All Assemblies, in  0.345 seconds
Native extension for iOS target not found
Native extension for Android target not found
Android Extension - Scanning For ADB Devices 217 ms
Native extension for WindowsStandalone target not found
Mono: successfully reloaded assembly
- Finished resetting the current domain, in  0.553 seconds
Domain Reload Profiling: 895ms
	BeginReloadAssembly (119ms)
		ExecutionOrderSort (0ms)
		DisableScriptedObjects (0ms)
		BackupInstance (0ms)
		ReleaseScriptingObjects (0ms)
		CreateAndSetChildDomain (1ms)
	RebuildCommonClasses (31ms)
	RebuildNativeTypeToScriptingClass (10ms)
	initialDomainReloadingComplete (50ms)
	LoadAllAssembliesAndSetupDomain (132ms)
		LoadAssemblies (117ms)
		RebuildTransferFunctionScriptingTraits (0ms)
		AnalyzeDomain (129ms)
			TypeCache.Refresh (128ms)
				TypeCache.ScanAssembly (117ms)
			BuildScriptInfoCaches (0ms)
			ResolveRequiredComponents (0ms)
	FinalizeReload (553ms)
		ReleaseScriptCaches (0ms)
		RebuildScriptCaches (0ms)
		SetupLoadedEditorAssemblies (506ms)
			LogAssemblyErrors (0ms)
			InitializePlatformSupportModulesInManaged (312ms)
			SetLoadedEditorAssemblies (3ms)
			BeforeProcessingInitializeOnLoad (45ms)
			ProcessInitializeOnLoadAttributes (97ms)
			ProcessInitializeOnLoadMethodAttributes (50ms)
			AfterProcessingInitializeOnLoad (0ms)
			EditorAssembliesLoaded (0ms)
		ExecutionOrderSort2 (0ms)
		AwakeInstancesAfterBackupRestoration (0ms)
========================================================================
Worker process is ready to serve import requests
Import Worker Mode flag is 0x00
Begin MonoManager ReloadAssembly
- Loaded All Assemblies, in  0.786 seconds
Refreshing native plugins compatible for Editor in 1.37 ms, found 3 plugins.
Native extension for iOS target not found
Native extension for Android target not found
Native extension for WindowsStandalone target not found
[MODES] ModeService[none].Initialize
[MODES] ModeService[none].LoadModes
[MODES] Loading mode Default (0) for mode-current-id-BlockbusterSimulator
Mono: successfully reloaded assembly
- Finished resetting the current domain, in  0.662 seconds
Domain Reload Profiling: 1441ms
	BeginReloadAssembly (157ms)
		ExecutionOrderSort (0ms)
		DisableScriptedObjects (5ms)
		BackupInstance (0ms)
		ReleaseScriptingObjects (0ms)
		CreateAndSetChildDomain (31ms)
	RebuildCommonClasses (32ms)
	RebuildNativeTypeToScriptingClass (10ms)
	initialDomainReloadingComplete (42ms)
	LoadAllAssembliesAndSetupDomain (537ms)
		LoadAssemblies (368ms)
		RebuildTransferFunctionScriptingTraits (0ms)
		AnalyzeDomain (260ms)
			TypeCache.Refresh (194ms)
				TypeCache.ScanAssembly (177ms)
			BuildScriptInfoCaches (53ms)
			ResolveRequiredComponents (10ms)
	FinalizeReload (663ms)
		ReleaseScriptCaches (0ms)
		RebuildScriptCaches (0ms)
		SetupLoadedEditorAssemblies (547ms)
			LogAssemblyErrors (0ms)
			InitializePlatformSupportModulesInManaged (14ms)
			SetLoadedEditorAssemblies (3ms)
			BeforeProcessingInitializeOnLoad (103ms)
			ProcessInitializeOnLoadAttributes (330ms)
			ProcessInitializeOnLoadMethodAttributes (92ms)
			AfterProcessingInitializeOnLoad (6ms)
			EditorAssembliesLoaded (0ms)
		ExecutionOrderSort2 (0ms)
		AwakeInstancesAfterBackupRestoration (6ms)
WARNING: Shader Unsupported: 'Hidden/Universal Render Pipeline/Terrain/Lit (Base Pass)' - All subshaders removed
WARNING: Shader Did you use #pragma only_renderers and omit this platform?
WARNING: Shader If subshaders removal was intentional, you may have forgotten turning Fallback off?
WARNING: Shader Unsupported: 'Hidden/Universal Render Pipeline/Terrain/Lit (Base Pass)' - All subshaders removed
WARNING: Shader Did you use #pragma only_renderers and omit this platform?
WARNING: Shader If subshaders removal was intentional, you may have forgotten turning Fallback off?
WARNING: Shader Unsupported: 'Universal Render Pipeline/Terrain/Lit' - All subshaders removed
WARNING: Shader Did you use #pragma only_renderers and omit this platform?
WARNING: Shader If subshaders removal was intentional, you may have forgotten turning Fallback off?
WARNING: Shader Unsupported: 'Universal Render Pipeline/Terrain/Lit' - All subshaders removed
WARNING: Shader Did you use #pragma only_renderers and omit this platform?
WARNING: Shader If subshaders removal was intentional, you may have forgotten turning Fallback off?
Launched and connected shader compiler UnityShaderCompiler.exe after 0.01 seconds
Refreshing native plugins compatible for Editor in 1.53 ms, found 3 plugins.
Preloading 0 native plugins for Editor in 0.00 ms.
Unloading 179 Unused Serialized files (Serialized files now loaded: 0)
Unloading 6642 unused Assets / (6.3 MB). Loaded Objects now: 7228.
Memory consumption went from 168.5 MB to 162.2 MB.
Total: 10.027100 ms (FindLiveObjects: 0.705400 ms CreateObjectMapping: 0.803600 ms MarkObjects: 5.337100 ms  DeleteObjects: 3.179200 ms)

========================================================================
Received Import Request.
  Time since last request: 3943.274970 seconds.
  path: Assets/Prefab/booksPrefabs/Book_03.prefab
  artifactKey: Guid(d4ea1b5a817a24748a674f21c65f6c1d) Importer(815301076,1909f56bfc062723c751e8b465ee728b)
Start importing Assets/Prefab/booksPrefabs/Book_03.prefab using Guid(d4ea1b5a817a24748a674f21c65f6c1d) Importer(815301076,1909f56bfc062723c751e8b465ee728b) (PreviewImporter) -> (artifact id: 'ff70d4de889e417886ebe15273bef7f4') in 0.5031419 seconds
Number of updated asset objects reloaded before import = 0Number of asset objects unloaded after import = 11

========================================================================
Received Import Request.
  Time since last request: 0.000020 seconds.
  path: Assets/Prefab/booksPrefabs/Books_34.prefab
  artifactKey: Guid(b45c49e8876b9fa438e5fc7173a07d60) Importer(815301076,1909f56bfc062723c751e8b465ee728b)
Start importing Assets/Prefab/booksPrefabs/Books_34.prefab using Guid(b45c49e8876b9fa438e5fc7173a07d60) Importer(815301076,1909f56bfc062723c751e8b465ee728b) (PreviewImporter) -> (artifact id: '40288af37d17681290e2f91b807faaf5') in 0.0681521 seconds
Number of updated asset objects reloaded before import = 0Number of asset objects unloaded after import = 14

========================================================================
Received Import Request.
  Time since last request: 0.000035 seconds.
  path: Assets/Prefab/booksPrefabs/BookOpen_04.prefab
  artifactKey: Guid(96b58236b5b44c848975ddea646f8ead) Importer(815301076,1909f56bfc062723c751e8b465ee728b)
Start importing Assets/Prefab/booksPrefabs/BookOpen_04.prefab using Guid(96b58236b5b44c848975ddea646f8ead) Importer(815301076,1909f56bfc062723c751e8b465ee728b) (PreviewImporter) -> (artifact id: '9fd58c2d834431aa36603e3a71802c9a') in 0.0353325 seconds
Number of updated asset objects reloaded before import = 0Number of asset objects unloaded after import = 11

========================================================================
Received Import Request.
  Time since last request: 0.000019 seconds.
  path: Assets/Prefab/booksPrefabs/Book_41.prefab
  artifactKey: Guid(5cc3acbf92ca1414f9e5202c88903015) Importer(815301076,1909f56bfc062723c751e8b465ee728b)
Start importing Assets/Prefab/booksPrefabs/Book_41.prefab using Guid(5cc3acbf92ca1414f9e5202c88903015) Importer(815301076,1909f56bfc062723c751e8b465ee728b) (PreviewImporter) -> (artifact id: '73a9eed88be3e576d63cbcf0602c0067') in 0.0355908 seconds
Number of updated asset objects reloaded before import = 0Number of asset objects unloaded after import = 11

========================================================================
Received Import Request.
  Time since last request: 0.000022 seconds.
  path: Assets/Prefab/booksPrefabs/Book_67.prefab
  artifactKey: Guid(d8f82ca8968ebf54e883a955cf0e4156) Importer(815301076,1909f56bfc062723c751e8b465ee728b)
Start importing Assets/Prefab/booksPrefabs/Book_67.prefab using Guid(d8f82ca8968ebf54e883a955cf0e4156) Importer(815301076,1909f56bfc062723c751e8b465ee728b) (PreviewImporter) -> (artifact id: '33b1668d11c11cefbdf378e508b10798') in 0.0278799 seconds
Number of updated asset objects reloaded before import = 0Number of asset objects unloaded after import = 11

========================================================================
Received Import Request.
  Time since last request: 0.000021 seconds.
  path: Assets/Prefab/booksPrefabs/Book_22.prefab
  artifactKey: Guid(a0364dc92de710744b46e7c19fca3d7b) Importer(815301076,1909f56bfc062723c751e8b465ee728b)
Start importing Assets/Prefab/booksPrefabs/Book_22.prefab using Guid(a0364dc92de710744b46e7c19fca3d7b) Importer(815301076,1909f56bfc062723c751e8b465ee728b) (PreviewImporter) -> (artifact id: 'b17f8aaf4fe2e5586afb80d211e36f03') in 0.0258429 seconds
Number of updated asset objects reloaded before import = 0Number of asset objects unloaded after import = 11

========================================================================
Received Import Request.
  Time since last request: 0.000227 seconds.
  path: Assets/Prefab/booksPrefabs/Books_14.prefab
  artifactKey: Guid(838c42f39b984574db5f2800e6f0ac25) Importer(815301076,1909f56bfc062723c751e8b465ee728b)
Start importing Assets/Prefab/booksPrefabs/Books_14.prefab using Guid(838c42f39b984574db5f2800e6f0ac25) Importer(815301076,1909f56bfc062723c751e8b465ee728b) (PreviewImporter) -> (artifact id: 'b28dbe019c45ac2db3b3201c20dcd936') in 0.0275913 seconds
Number of updated asset objects reloaded before import = 0Number of asset objects unloaded after import = 11

========================================================================
Received Import Request.
  Time since last request: 0.000025 seconds.
  path: Assets/Prefab/booksPrefabs/Books_17.prefab
  artifactKey: Guid(a2939e3aa23efb045b648ac4409c7ae6) Importer(815301076,1909f56bfc062723c751e8b465ee728b)
Start importing Assets/Prefab/booksPrefabs/Books_17.prefab using Guid(a2939e3aa23efb045b648ac4409c7ae6) Importer(815301076,1909f56bfc062723c751e8b465ee728b) (PreviewImporter) -> (artifact id: '84db5f1646961fa8fab54eb9d8e1d6d5') in 0.0270305 seconds
Number of updated asset objects reloaded before import = 0Number of asset objects unloaded after import = 11

========================================================================
Received Import Request.
  Time since last request: 0.000026 seconds.
  path: Assets/Prefab/booksPrefabs/Book_44.prefab
  artifactKey: Guid(31a995afe3fc9f54ca95ab3cc78b6800) Importer(815301076,1909f56bfc062723c751e8b465ee728b)
Start importing Assets/Prefab/booksPrefabs/Book_44.prefab using Guid(31a995afe3fc9f54ca95ab3cc78b6800) Importer(815301076,1909f56bfc062723c751e8b465ee728b) (PreviewImporter) -> (artifact id: '0b83dff58e4356ce9cde217fb51edc98') in 0.0283145 seconds
Number of updated asset objects reloaded before import = 0Number of asset objects unloaded after import = 11

========================================================================
Received Import Request.
  Time since last request: 0.000020 seconds.
  path: Assets/Prefab/booksPrefabs/Book_30.prefab
  artifactKey: Guid(af14cfced951b234b907c737abdc0ad4) Importer(815301076,1909f56bfc062723c751e8b465ee728b)
Start importing Assets/Prefab/booksPrefabs/Book_30.prefab using Guid(af14cfced951b234b907c737abdc0ad4) Importer(815301076,1909f56bfc062723c751e8b465ee728b) (PreviewImporter) -> (artifact id: '7b85156ede1f068e5cf578c70778d3b0') in 0.0269179 seconds
Number of updated asset objects reloaded before import = 0Number of asset objects unloaded after import = 11

========================================================================
Received Import Request.
  Time since last request: 0.000023 seconds.
  path: Assets/Prefab/booksPrefabs/Book_63.prefab
  artifactKey: Guid(4f1d91d1d99f71c4381dbf3b14201a2a) Importer(815301076,1909f56bfc062723c751e8b465ee728b)
Start importing Assets/Prefab/booksPrefabs/Book_63.prefab using Guid(4f1d91d1d99f71c4381dbf3b14201a2a) Importer(815301076,1909f56bfc062723c751e8b465ee728b) (PreviewImporter) -> (artifact id: '521bc5f2dff385d8d0dec8589c5b9aaf') in 0.0255974 seconds
Number of updated asset objects reloaded before import = 0Number of asset objects unloaded after import = 11

========================================================================
Received Import Request.
  Time since last request: 0.000020 seconds.
  path: Assets/Prefab/booksPrefabs/Book_54.prefab
  artifactKey: Guid(e153b61442ea1934fb28b02070fff4c0) Importer(815301076,1909f56bfc062723c751e8b465ee728b)
Start importing Assets/Prefab/booksPrefabs/Book_54.prefab using Guid(e153b61442ea1934fb28b02070fff4c0) Importer(815301076,1909f56bfc062723c751e8b465ee728b) (PreviewImporter) -> (artifact id: '4ca5e18d93184598f86f621f7208b4ee') in 0.0297556 seconds
Number of updated asset objects reloaded before import = 0Number of asset objects unloaded after import = 11

========================================================================
Received Import Request.
  Time since last request: 0.000035 seconds.
  path: Assets/Prefab/booksPrefabs/Books_10.prefab
  artifactKey: Guid(c8722be149fc9294bbbe96f6c293f6bc) Importer(815301076,1909f56bfc062723c751e8b465ee728b)
Start importing Assets/Prefab/booksPrefabs/Books_10.prefab using Guid(c8722be149fc9294bbbe96f6c293f6bc) Importer(815301076,1909f56bfc062723c751e8b465ee728b) (PreviewImporter) -> (artifact id: 'b2d9dc81cfb410745cef6c135cc1b031') in 0.0296043 seconds
Number of updated asset objects reloaded before import = 0Number of asset objects unloaded after import = 11

========================================================================
Received Import Request.
  Time since last request: 0.000015 seconds.
  path: Assets/Prefab/booksPrefabs/Books_19.prefab
  artifactKey: Guid(42336741f2631f04789ea7bc779e0d76) Importer(815301076,1909f56bfc062723c751e8b465ee728b)
Start importing Assets/Prefab/booksPrefabs/Books_19.prefab using Guid(42336741f2631f04789ea7bc779e0d76) Importer(815301076,1909f56bfc062723c751e8b465ee728b) (PreviewImporter) -> (artifact id: 'a9df32551051478012112242279d358f') in 0.025491 seconds
Number of updated asset objects reloaded before import = 0Number of asset objects unloaded after import = 11

========================================================================
Received Import Request.
  Time since last request: 0.000021 seconds.
  path: Assets/Prefab/booksPrefabs/Book_64.prefab
  artifactKey: Guid(c19de27ec7b52aa418875a42f141f928) Importer(815301076,1909f56bfc062723c751e8b465ee728b)
Start importing Assets/Prefab/booksPrefabs/Book_64.prefab using Guid(c19de27ec7b52aa418875a42f141f928) Importer(815301076,1909f56bfc062723c751e8b465ee728b) (PreviewImporter) -> (artifact id: '82d27475d2497be020bb711bb45d1032') in 0.026632 seconds
Number of updated asset objects reloaded before import = 0Number of asset objects unloaded after import = 11

========================================================================
Received Import Request.
  Time since last request: 0.000035 seconds.
  path: Assets/Prefab/booksPrefabs/Book_58.prefab
  artifactKey: Guid(17935c810bab2cf459f498defd29f2b3) Importer(815301076,1909f56bfc062723c751e8b465ee728b)
Start importing Assets/Prefab/booksPrefabs/Book_58.prefab using Guid(17935c810bab2cf459f498defd29f2b3) Importer(815301076,1909f56bfc062723c751e8b465ee728b) (PreviewImporter) -> (artifact id: '9db921858deda432b76d0009d5f8b8e1') in 0.0232897 seconds
Number of updated asset objects reloaded before import = 0Number of asset objects unloaded after import = 11

========================================================================
Received Import Request.
  Time since last request: 0.000016 seconds.
  path: Assets/Prefab/booksPrefabs/Book_49.prefab
  artifactKey: Guid(5d4db5d6c438345449a490b952d41908) Importer(815301076,1909f56bfc062723c751e8b465ee728b)
Start importing Assets/Prefab/booksPrefabs/Book_49.prefab using Guid(5d4db5d6c438345449a490b952d41908) Importer(815301076,1909f56bfc062723c751e8b465ee728b) (PreviewImporter) -> (artifact id: '5f92f28ca7930181ae2940dc41d28577') in 0.0233961 seconds
Number of updated asset objects reloaded before import = 0Number of asset objects unloaded after import = 11

========================================================================
Received Import Request.
  Time since last request: 0.000018 seconds.
  path: Assets/Prefab/booksPrefabs/Books_33.prefab
  artifactKey: Guid(3d9fffef1180d41478a945cf0d8948e4) Importer(815301076,1909f56bfc062723c751e8b465ee728b)
Start importing Assets/Prefab/booksPrefabs/Books_33.prefab using Guid(3d9fffef1180d41478a945cf0d8948e4) Importer(815301076,1909f56bfc062723c751e8b465ee728b) (PreviewImporter) -> (artifact id: '56a26fd610b2f3baf866bd15ced3e34f') in 0.0372891 seconds
Number of updated asset objects reloaded before import = 0Number of asset objects unloaded after import = 14

========================================================================
Received Import Request.
  Time since last request: 0.000022 seconds.
  path: Assets/Prefab/booksPrefabs/Book_12.prefab
  artifactKey: Guid(c04c60cb87ebdc8458571b190fb2255d) Importer(815301076,1909f56bfc062723c751e8b465ee728b)
Start importing Assets/Prefab/booksPrefabs/Book_12.prefab using Guid(c04c60cb87ebdc8458571b190fb2255d) Importer(815301076,1909f56bfc062723c751e8b465ee728b) (PreviewImporter) -> (artifact id: '66d11c1a3b4f732dced09b24fe955d7a') in 0.021683 seconds
Number of updated asset objects reloaded before import = 0Number of asset objects unloaded after import = 11

========================================================================
Received Import Request.
  Time since last request: 0.000023 seconds.
  path: Assets/Prefab/booksPrefabs/Book_66.prefab
  artifactKey: Guid(5b4d8e485560e0e4d8a64438e42258dd) Importer(815301076,1909f56bfc062723c751e8b465ee728b)
Start importing Assets/Prefab/booksPrefabs/Book_66.prefab using Guid(5b4d8e485560e0e4d8a64438e42258dd) Importer(815301076,1909f56bfc062723c751e8b465ee728b) (PreviewImporter) -> (artifact id: '415561a6c1a246fad72c01767e51d26c') in 0.02335 seconds
Number of updated asset objects reloaded before import = 0Number of asset objects unloaded after import = 11

========================================================================
Received Import Request.
  Time since last request: 0.000023 seconds.
  path: Assets/Prefab/booksPrefabs/Books_13.prefab
  artifactKey: Guid(00e2fda8feb9b4349a0f704095edb0ed) Importer(815301076,1909f56bfc062723c751e8b465ee728b)
Start importing Assets/Prefab/booksPrefabs/Books_13.prefab using Guid(00e2fda8feb9b4349a0f704095edb0ed) Importer(815301076,1909f56bfc062723c751e8b465ee728b) (PreviewImporter) -> (artifact id: 'be73403f39f9b32f62462a6a645806b4') in 0.019951 seconds
Number of updated asset objects reloaded before import = 0Number of asset objects unloaded after import = 11

========================================================================
Received Import Request.
  Time since last request: 0.000020 seconds.
  path: Assets/Prefab/booksPrefabs/Book_16.prefab
  artifactKey: Guid(b9cc39342554d8f4b876f442e992b119) Importer(815301076,1909f56bfc062723c751e8b465ee728b)
Start importing Assets/Prefab/booksPrefabs/Book_16.prefab using Guid(b9cc39342554d8f4b876f442e992b119) Importer(815301076,1909f56bfc062723c751e8b465ee728b) (PreviewImporter) -> (artifact id: '3fb6db4cae8bc413cd7c25c1a26aa2f3') in 0.021989 seconds
Number of updated asset objects reloaded before import = 0Number of asset objects unloaded after import = 11

========================================================================
Received Import Request.
  Time since last request: 0.000204 seconds.
  path: Assets/Prefab/booksPrefabs/Book_60.prefab
  artifactKey: Guid(76b8ffd7ef9a0dd448a25ba7816f7f28) Importer(815301076,1909f56bfc062723c751e8b465ee728b)
Start importing Assets/Prefab/booksPrefabs/Book_60.prefab using Guid(76b8ffd7ef9a0dd448a25ba7816f7f28) Importer(815301076,1909f56bfc062723c751e8b465ee728b) (PreviewImporter) -> (artifact id: 'edf9b16bc351fe52c71fb71b33ea2303') in 0.0224022 seconds
Number of updated asset objects reloaded before import = 0Number of asset objects unloaded after import = 11

========================================================================
Received Import Request.
  Time since last request: 0.000018 seconds.
  path: Assets/Prefab/booksPrefabs/Book_26.prefab
  artifactKey: Guid(ef571f725b2d0b648ae27fc811b7365e) Importer(815301076,1909f56bfc062723c751e8b465ee728b)
Start importing Assets/Prefab/booksPrefabs/Book_26.prefab using Guid(ef571f725b2d0b648ae27fc811b7365e) Importer(815301076,1909f56bfc062723c751e8b465ee728b) (PreviewImporter) -> (artifact id: '6e459db5784a3ee306cebe1ec3c4fa95') in 0.0230608 seconds
Number of updated asset objects reloaded before import = 0Number of asset objects unloaded after import = 11

========================================================================
Received Import Request.
  Time since last request: 2.056459 seconds.
  path: Assets/Prefab/metalrackPrefabs/BoardShelf C.prefab
  artifactKey: Guid(215fceb8eccbc54409e145f16c2b0f8c) Importer(815301076,1909f56bfc062723c751e8b465ee728b)
Start importing Assets/Prefab/metalrackPrefabs/BoardShelf C.prefab using Guid(215fceb8eccbc54409e145f16c2b0f8c) Importer(815301076,1909f56bfc062723c751e8b465ee728b) (PreviewImporter) -> (artifact id: '533d255daee5fd48da135875728773d2') in 0.0190062 seconds
Number of updated asset objects reloaded before import = 0Number of asset objects unloaded after import = 62

========================================================================
Received Import Request.
  Time since last request: 0.000019 seconds.
  path: Assets/Prefab/metalrackPrefabs/WireShelf C.prefab
  artifactKey: Guid(c0376f38f6e735e48b8e9eec6ba3517c) Importer(815301076,1909f56bfc062723c751e8b465ee728b)
Start importing Assets/Prefab/metalrackPrefabs/WireShelf C.prefab using Guid(c0376f38f6e735e48b8e9eec6ba3517c) Importer(815301076,1909f56bfc062723c751e8b465ee728b) (PreviewImporter) -> (artifact id: '8cc495ac1efae0d5a329ff7b9966120b') in 0.0180495 seconds
Number of updated asset objects reloaded before import = 0Number of asset objects unloaded after import = 61

========================================================================
Received Import Request.
  Time since last request: 0.000017 seconds.
  path: Assets/Prefab/metalrackPrefabs/WireShelf D.prefab
  artifactKey: Guid(de4ad9755eec954419b90cef170ea41f) Importer(815301076,1909f56bfc062723c751e8b465ee728b)
Start importing Assets/Prefab/metalrackPrefabs/WireShelf D.prefab using Guid(de4ad9755eec954419b90cef170ea41f) Importer(815301076,1909f56bfc062723c751e8b465ee728b) (PreviewImporter) -> (artifact id: 'e24006d765f97b6405386bbdfd23ef02') in 0.0173563 seconds
Number of updated asset objects reloaded before import = 0Number of asset objects unloaded after import = 61

========================================================================
Received Import Request.
  Time since last request: 0.000014 seconds.
  path: Assets/Prefab/metalrackPrefabs/WireShelf A.prefab
  artifactKey: Guid(e0df056cb971262478a1794140c50c44) Importer(815301076,1909f56bfc062723c751e8b465ee728b)
Start importing Assets/Prefab/metalrackPrefabs/WireShelf A.prefab using Guid(e0df056cb971262478a1794140c50c44) Importer(815301076,1909f56bfc062723c751e8b465ee728b) (PreviewImporter) -> (artifact id: '62afd4621eff7581bd24c74f6b1354d2') in 0.0159172 seconds
Number of updated asset objects reloaded before import = 0Number of asset objects unloaded after import = 73

========================================================================
Received Import Request.
  Time since last request: 5.340809 seconds.
  path: Assets/Prefab/storePrefabs/CounterTable Variant.prefab
  artifactKey: Guid(c5f901e43dde4094e9f54205b1694311) Importer(815301076,1909f56bfc062723c751e8b465ee728b)
Start importing Assets/Prefab/storePrefabs/CounterTable Variant.prefab using Guid(c5f901e43dde4094e9f54205b1694311) Importer(815301076,1909f56bfc062723c751e8b465ee728b) (PreviewImporter) -> (artifact id: 'b2d191b4b7962cbc2f9682726ab9e532') in 0.0415652 seconds
Number of updated asset objects reloaded before import = 0Number of asset objects unloaded after import = 21

========================================================================
Received Import Request.
  Time since last request: 0.000028 seconds.
  path: Assets/Prefab/storePrefabs/ScreenA Variant.prefab
  artifactKey: Guid(b1c9c2fef350dd94a9d0d0831e350a65) Importer(815301076,1909f56bfc062723c751e8b465ee728b)
Start importing Assets/Prefab/storePrefabs/ScreenA Variant.prefab using Guid(b1c9c2fef350dd94a9d0d0831e350a65) Importer(815301076,1909f56bfc062723c751e8b465ee728b) (PreviewImporter) -> (artifact id: 'd002357e8eab1659c1e157906fe5bb1d') in 0.0276648 seconds
Number of updated asset objects reloaded before import = 0Number of asset objects unloaded after import = 19

========================================================================
Received Import Request.
  Time since last request: 0.000014 seconds.
  path: Assets/Prefab/storePrefabs/Mirroe Variant.prefab
  artifactKey: Guid(c769e440b1873cf49b3bf54ff993e93c) Importer(815301076,1909f56bfc062723c751e8b465ee728b)
Start importing Assets/Prefab/storePrefabs/Mirroe Variant.prefab using Guid(c769e440b1873cf49b3bf54ff993e93c) Importer(815301076,1909f56bfc062723c751e8b465ee728b) (PreviewImporter) -> (artifact id: '26750a3007007d064e4d9f974d69ac66') in 0.0203509 seconds
Number of updated asset objects reloaded before import = 0Number of asset objects unloaded after import = 18

========================================================================
Received Import Request.
  Time since last request: 0.000021 seconds.
  path: Assets/Prefab/storePrefabs/StoreRack Variant.prefab
  artifactKey: Guid(e4182aa8ea58e4c4d8bee48b0a6863bc) Importer(815301076,1909f56bfc062723c751e8b465ee728b)
Start importing Assets/Prefab/storePrefabs/StoreRack Variant.prefab using Guid(e4182aa8ea58e4c4d8bee48b0a6863bc) Importer(815301076,1909f56bfc062723c751e8b465ee728b) (PreviewImporter) -> (artifact id: 'bcf1b929ec4d37082ae6c851b9e5fb79') in 0.0378794 seconds
Number of updated asset objects reloaded before import = 0Number of asset objects unloaded after import = 21

========================================================================
Received Import Request.
  Time since last request: 0.000025 seconds.
  path: Assets/Prefab/storePrefabs/Shell Variant.prefab
  artifactKey: Guid(fa7cf265d02066441b9ad5598f4e1b59) Importer(815301076,1909f56bfc062723c751e8b465ee728b)
Start importing Assets/Prefab/storePrefabs/Shell Variant.prefab using Guid(fa7cf265d02066441b9ad5598f4e1b59) Importer(815301076,1909f56bfc062723c751e8b465ee728b) (PreviewImporter) -> (artifact id: '065de55aa82de0d6cdb5e5b60eff5239') in 0.4243057 seconds
Number of updated asset objects reloaded before import = 0Number of asset objects unloaded after import = 163

========================================================================
Received Import Request.
  Time since last request: 46.994158 seconds.
  path: Assets/Retail Store URP/Texture/Sidewalk_BaseColor.jpeg
  artifactKey: Guid(37cba5fb692a5744fb664142ad3b0477) Importer(815301076,1909f56bfc062723c751e8b465ee728b)
Start importing Assets/Retail Store URP/Texture/Sidewalk_BaseColor.jpeg using Guid(37cba5fb692a5744fb664142ad3b0477) Importer(815301076,1909f56bfc062723c751e8b465ee728b) (PreviewImporter) -> (artifact id: '103ce4ec46ba53a651a391fd4e2b8031') in 0.044472 seconds
Number of updated asset objects reloaded before import = 0Number of asset objects unloaded after import = 2

========================================================================
Received Import Request.
  Time since last request: 33.055972 seconds.
  path: Assets/Materials/wood.mat
  artifactKey: Guid(4613d9dfe49f3f54a9c6fe19027e3a89) Importer(815301076,1909f56bfc062723c751e8b465ee728b)
Start importing Assets/Materials/wood.mat using Guid(4613d9dfe49f3f54a9c6fe19027e3a89) Importer(815301076,1909f56bfc062723c751e8b465ee728b) (PreviewImporter) -> (artifact id: '2cfb6f2629025eeec9fc13a4021bbf85') in 0.053813 seconds
Number of updated asset objects reloaded before import = 0Number of asset objects unloaded after import = 2

========================================================================
Received Import Request.
  Time since last request: 2.711424 seconds.
  path: Assets/Materials/Materials/Dark_Olive.mat
  artifactKey: Guid(151164125ee467a4a9ec37f72e050d9d) Importer(815301076,1909f56bfc062723c751e8b465ee728b)
Start importing Assets/Materials/Materials/Dark_Olive.mat using Guid(151164125ee467a4a9ec37f72e050d9d) Importer(815301076,1909f56bfc062723c751e8b465ee728b) (PreviewImporter) -> (artifact id: '931ec81bc53c11505766d2f37a6d9181') in 0.0098416 seconds
Number of updated asset objects reloaded before import = 0Number of asset objects unloaded after import = 2

========================================================================
Received Import Request.
  Time since last request: 0.001024 seconds.
  path: Assets/Materials/Materials/Gray3.mat
  artifactKey: Guid(2fbdfdb38a44c4843b0cf280bf2f52c6) Importer(815301076,1909f56bfc062723c751e8b465ee728b)
Start importing Assets/Materials/Materials/Gray3.mat using Guid(2fbdfdb38a44c4843b0cf280bf2f52c6) Importer(815301076,1909f56bfc062723c751e8b465ee728b) (PreviewImporter) -> (artifact id: '028639cfbd11a2a94350318e59aba87c') in 0.0240555 seconds
Number of updated asset objects reloaded before import = 0Number of asset objects unloaded after import = 2

========================================================================
Received Import Request.
  Time since last request: 0.000017 seconds.
  path: Assets/Materials/Materials/Gray8.mat
  artifactKey: Guid(e86c377702aa20748ac223d70f899dc1) Importer(815301076,1909f56bfc062723c751e8b465ee728b)
Start importing Assets/Materials/Materials/Gray8.mat using Guid(e86c377702aa20748ac223d70f899dc1) Importer(815301076,1909f56bfc062723c751e8b465ee728b) (PreviewImporter) -> (artifact id: '61091b07a7c0eb2ba3b8660852f111df') in 0.0238298 seconds
Number of updated asset objects reloaded before import = 0Number of asset objects unloaded after import = 2

Editor requested this worker to shutdown with reason: Scaling down because of idle timeout
AssetImportWorker is now disconnected from the server
Process exiting
Exiting without the bug reporter. Application will terminate with return code 0