Using pre-set license
Built from '6000.0/staging' branch; Version is '6000.0.47f1 (2ad1ed33fd3b) revision 2806253'; Using compiler version '193933523'; Build Type 'Release'
OS: 'Windows 11  (10.0.22631) 64bit Professional' Language: 'en' Physical Memory: 32693 MB
BatchMode: 1, IsHumanControllingUs: 0, StartBugReporterOnCrash: 0, Is64bit: 1, IsPro: 1

COMMAND LINE ARGUMENTS:
C:\Program Files\Unity\Hub\Editor\6000.0.47f1\Editor\Unity.exe
-adb2
-batchMode
-noUpm
-name
AssetImportWorker7
-projectPath
C:/Users/SarcasticLord/Documents/block/BlockbusterSimulator
-logFile
Logs/AssetImportWorker7.log
-srvPort
60600
-job-worker-count
5
-background-job-worker-count
8
-gc-helper-count
1
Successfully changed project path to: C:/Users/SarcasticLord/Documents/block/BlockbusterSimulator
C:/Users/SarcasticLord/Documents/block/BlockbusterSimulator
[UnityMemory] Configuration Parameters - Can be set up in boot.config
    "memorysetup-bucket-allocator-granularity=16"
    "memorysetup-bucket-allocator-bucket-count=8"
    "memorysetup-bucket-allocator-block-size=33554432"
    "memorysetup-bucket-allocator-block-count=8"
    "memorysetup-main-allocator-block-size=16777216"
    "memorysetup-thread-allocator-block-size=16777216"
    "memorysetup-gfx-main-allocator-block-size=16777216"
    "memorysetup-gfx-thread-allocator-block-size=16777216"
    "memorysetup-cache-allocator-block-size=4194304"
    "memorysetup-typetree-allocator-block-size=2097152"
    "memorysetup-profiler-bucket-allocator-granularity=16"
    "memorysetup-profiler-bucket-allocator-bucket-count=8"
    "memorysetup-profiler-bucket-allocator-block-size=33554432"
    "memorysetup-profiler-bucket-allocator-block-count=8"
    "memorysetup-profiler-allocator-block-size=16777216"
    "memorysetup-profiler-editor-allocator-block-size=1048576"
    "memorysetup-temp-allocator-size-main=16777216"
    "memorysetup-job-temp-allocator-block-size=2097152"
    "memorysetup-job-temp-allocator-block-size-background=1048576"
    "memorysetup-job-temp-allocator-reduction-small-platforms=262144"
    "memorysetup-allocator-temp-initial-block-size-main=262144"
    "memorysetup-allocator-temp-initial-block-size-worker=262144"
    "memorysetup-temp-allocator-size-background-worker=32768"
    "memorysetup-temp-allocator-size-job-worker=262144"
    "memorysetup-temp-allocator-size-preload-manager=33554432"
    "memorysetup-temp-allocator-size-nav-mesh-worker=65536"
    "memorysetup-temp-allocator-size-audio-worker=65536"
    "memorysetup-temp-allocator-size-cloud-worker=32768"
    "memorysetup-temp-allocator-size-gi-baking-worker=262144"
    "memorysetup-temp-allocator-size-gi-baking-worker=262144"
    "memorysetup-temp-allocator-size-gi-baking-worker=262144"
    "memorysetup-temp-allocator-size-gi-baking-worker=262144"
    "memorysetup-temp-allocator-size-gi-baking-worker=262144"
    "memorysetup-temp-allocator-size-gfx=262144"
Player connection [23192]  Target information:

Player connection [23192]  * "[IP] 10.7.27.130 [Port] 0 [Flags] 2 [Guid] 2446756569 [EditorId] 2446756569 [Version] 1048832 [Id] WindowsEditor(7,Type-40-Mk-1-TT) [Debug] 1 [PackageName] WindowsEditor [ProjectName] Editor" 

Player connection [23192] Host joined multi-casting on [225.0.0.222:54997]...
Player connection [23192] Host joined alternative multi-casting on [225.0.0.222:34997]...
JobSystem: Creating JobQueue using job-worker-count value 5
Input System module state changed to: Initialized.
[Physics::Module] Initialized fallback backend.
[Physics::Module] Id: 0xdecafbad
Library Redirect Path: Library/
[Physics::Module] Selected backend.
[Physics::Module] Name: PhysX
[Physics::Module] Id: 0xf2b8ea05
[Physics::Module] SDK Version: 4.1.2
[Physics::Module] Integration Version: 1.0.0
[Physics::Module] Threading Mode: Multi-Threaded
Refreshing native plugins compatible for Editor in 1.98 ms, found 3 plugins.
Preloading 0 native plugins for Editor in 0.00 ms.
Initialize engine version: 6000.0.47f1 (2ad1ed33fd3b)
[Subsystems] Discovering subsystems at path C:/Program Files/Unity/Hub/Editor/6000.0.47f1/Editor/Data/Resources/UnitySubsystems
[Subsystems] Discovering subsystems at path C:/Users/SarcasticLord/Documents/block/BlockbusterSimulator/Assets
GfxDevice: creating device client; kGfxThreadingModeNonThreaded
Direct3D:
    Version:  Direct3D 11.0 [level 11.1]
    Renderer: NVIDIA GeForce RTX 3070 (ID=0x2484)
    Vendor:   NVIDIA
    VRAM:     8018 MB
    Driver:   32.0.15.8180
Initialize mono
Mono path[0] = 'C:/Program Files/Unity/Hub/Editor/6000.0.47f1/Editor/Data/Managed'
Mono path[1] = 'C:/Program Files/Unity/Hub/Editor/6000.0.47f1/Editor/Data/MonoBleedingEdge/lib/mono/unityjit-win32'
Mono config path = 'C:/Program Files/Unity/Hub/Editor/6000.0.47f1/Editor/Data/MonoBleedingEdge/etc'
Using monoOptions --debugger-agent=transport=dt_socket,embedding=1,server=y,suspend=n,address=127.0.0.1:56936
Begin MonoManager ReloadAssembly
Registering precompiled unity dll's ...
Register platform support module: C:/Program Files/Unity/Hub/Editor/6000.0.47f1/Editor/Data/PlaybackEngines/WindowsStandaloneSupport/UnityEditor.WindowsStandalone.Extensions.dll
Register platform support module: C:/Program Files/Unity/Hub/Editor/6000.0.47f1/Editor/Data/PlaybackEngines/AndroidPlayer/UnityEditor.Android.Extensions.dll
Register platform support module: C:/Program Files/Unity/Hub/Editor/6000.0.47f1/Editor/Data/PlaybackEngines/iOSSupport/UnityEditor.iOS.Extensions.dll
Registered in 0.005015 seconds.
- Loaded All Assemblies, in  0.337 seconds
Native extension for iOS target not found
Native extension for Android target not found
Android Extension - Scanning For ADB Devices 213 ms
Native extension for WindowsStandalone target not found
Mono: successfully reloaded assembly
- Finished resetting the current domain, in  0.540 seconds
Domain Reload Profiling: 874ms
	BeginReloadAssembly (109ms)
		ExecutionOrderSort (0ms)
		DisableScriptedObjects (0ms)
		BackupInstance (0ms)
		ReleaseScriptingObjects (0ms)
		CreateAndSetChildDomain (1ms)
	RebuildCommonClasses (31ms)
	RebuildNativeTypeToScriptingClass (10ms)
	initialDomainReloadingComplete (48ms)
	LoadAllAssembliesAndSetupDomain (135ms)
		LoadAssemblies (106ms)
		RebuildTransferFunctionScriptingTraits (0ms)
		AnalyzeDomain (132ms)
			TypeCache.Refresh (131ms)
				TypeCache.ScanAssembly (117ms)
			BuildScriptInfoCaches (0ms)
			ResolveRequiredComponents (0ms)
	FinalizeReload (540ms)
		ReleaseScriptCaches (0ms)
		RebuildScriptCaches (0ms)
		SetupLoadedEditorAssemblies (499ms)
			LogAssemblyErrors (0ms)
			InitializePlatformSupportModulesInManaged (307ms)
			SetLoadedEditorAssemblies (3ms)
			BeforeProcessingInitializeOnLoad (42ms)
			ProcessInitializeOnLoadAttributes (97ms)
			ProcessInitializeOnLoadMethodAttributes (50ms)
			AfterProcessingInitializeOnLoad (0ms)
			EditorAssembliesLoaded (0ms)
		ExecutionOrderSort2 (0ms)
		AwakeInstancesAfterBackupRestoration (0ms)
========================================================================
Worker process is ready to serve import requests
Import Worker Mode flag is 0x00
Begin MonoManager ReloadAssembly
- Loaded All Assemblies, in  0.784 seconds
Refreshing native plugins compatible for Editor in 1.36 ms, found 3 plugins.
Native extension for iOS target not found
Native extension for Android target not found
Native extension for WindowsStandalone target not found
[MODES] ModeService[none].Initialize
[MODES] ModeService[none].LoadModes
[MODES] Loading mode Default (0) for mode-current-id-BlockbusterSimulator
Mono: successfully reloaded assembly
- Finished resetting the current domain, in  0.656 seconds
Domain Reload Profiling: 1433ms
	BeginReloadAssembly (156ms)
		ExecutionOrderSort (0ms)
		DisableScriptedObjects (5ms)
		BackupInstance (0ms)
		ReleaseScriptingObjects (0ms)
		CreateAndSetChildDomain (31ms)
	RebuildCommonClasses (31ms)
	RebuildNativeTypeToScriptingClass (10ms)
	initialDomainReloadingComplete (42ms)
	LoadAllAssembliesAndSetupDomain (538ms)
		LoadAssemblies (365ms)
		RebuildTransferFunctionScriptingTraits (0ms)
		AnalyzeDomain (261ms)
			TypeCache.Refresh (195ms)
				TypeCache.ScanAssembly (178ms)
			BuildScriptInfoCaches (53ms)
			ResolveRequiredComponents (10ms)
	FinalizeReload (656ms)
		ReleaseScriptCaches (0ms)
		RebuildScriptCaches (0ms)
		SetupLoadedEditorAssemblies (545ms)
			LogAssemblyErrors (0ms)
			InitializePlatformSupportModulesInManaged (14ms)
			SetLoadedEditorAssemblies (3ms)
			BeforeProcessingInitializeOnLoad (100ms)
			ProcessInitializeOnLoadAttributes (332ms)
			ProcessInitializeOnLoadMethodAttributes (90ms)
			AfterProcessingInitializeOnLoad (6ms)
			EditorAssembliesLoaded (0ms)
		ExecutionOrderSort2 (0ms)
		AwakeInstancesAfterBackupRestoration (6ms)
WARNING: Shader Unsupported: 'Hidden/Universal Render Pipeline/Terrain/Lit (Base Pass)' - All subshaders removed
WARNING: Shader Did you use #pragma only_renderers and omit this platform?
WARNING: Shader If subshaders removal was intentional, you may have forgotten turning Fallback off?
WARNING: Shader Unsupported: 'Hidden/Universal Render Pipeline/Terrain/Lit (Base Pass)' - All subshaders removed
WARNING: Shader Did you use #pragma only_renderers and omit this platform?
WARNING: Shader If subshaders removal was intentional, you may have forgotten turning Fallback off?
WARNING: Shader Unsupported: 'Universal Render Pipeline/Terrain/Lit' - All subshaders removed
WARNING: Shader Did you use #pragma only_renderers and omit this platform?
WARNING: Shader If subshaders removal was intentional, you may have forgotten turning Fallback off?
WARNING: Shader Unsupported: 'Universal Render Pipeline/Terrain/Lit' - All subshaders removed
WARNING: Shader Did you use #pragma only_renderers and omit this platform?
WARNING: Shader If subshaders removal was intentional, you may have forgotten turning Fallback off?
Launched and connected shader compiler UnityShaderCompiler.exe after 0.01 seconds
Refreshing native plugins compatible for Editor in 1.13 ms, found 3 plugins.
Preloading 0 native plugins for Editor in 0.00 ms.
Unloading 179 Unused Serialized files (Serialized files now loaded: 0)
Unloading 6642 unused Assets / (6.7 MB). Loaded Objects now: 7228.
Memory consumption went from 168.5 MB to 161.8 MB.
Total: 9.889200 ms (FindLiveObjects: 0.670500 ms CreateObjectMapping: 0.709900 ms MarkObjects: 5.214300 ms  DeleteObjects: 3.293000 ms)

========================================================================
Received Import Request.
  Time since last request: 3943.275436 seconds.
  path: Assets/Prefab/booksPrefabs/Book_04.prefab
  artifactKey: Guid(273dfcdaa60d0b540b1012e22b97d74f) Importer(815301076,1909f56bfc062723c751e8b465ee728b)
Start importing Assets/Prefab/booksPrefabs/Book_04.prefab using Guid(273dfcdaa60d0b540b1012e22b97d74f) Importer(815301076,1909f56bfc062723c751e8b465ee728b) (PreviewImporter) -> (artifact id: 'cdf3d2059ea983fdb7b062d82e9a79dc') in 0.5020965 seconds
Number of updated asset objects reloaded before import = 0Number of asset objects unloaded after import = 11

========================================================================
Received Import Request.
  Time since last request: 0.000021 seconds.
  path: Assets/Prefab/booksPrefabs/Book_36.prefab
  artifactKey: Guid(f903dd03da67547439b997774d31c9c0) Importer(815301076,1909f56bfc062723c751e8b465ee728b)
Start importing Assets/Prefab/booksPrefabs/Book_36.prefab using Guid(f903dd03da67547439b997774d31c9c0) Importer(815301076,1909f56bfc062723c751e8b465ee728b) (PreviewImporter) -> (artifact id: '3fb44f6b8b8652fd8552525fe8a7c9ba') in 0.0476366 seconds
Number of updated asset objects reloaded before import = 0Number of asset objects unloaded after import = 11

========================================================================
Received Import Request.
  Time since last request: 0.000029 seconds.
  path: Assets/Prefab/booksPrefabs/Book_51.prefab
  artifactKey: Guid(ef961ef73dbbcc948b123a983b8e1aae) Importer(815301076,1909f56bfc062723c751e8b465ee728b)
Start importing Assets/Prefab/booksPrefabs/Book_51.prefab using Guid(ef961ef73dbbcc948b123a983b8e1aae) Importer(815301076,1909f56bfc062723c751e8b465ee728b) (PreviewImporter) -> (artifact id: 'c4c9a46ea6741ed6e5350335f642d674') in 0.0331223 seconds
Number of updated asset objects reloaded before import = 0Number of asset objects unloaded after import = 11

========================================================================
Received Import Request.
  Time since last request: 0.000021 seconds.
  path: Assets/Prefab/booksPrefabs/Book_56.prefab
  artifactKey: Guid(f7adbd815098e964f87fe714f15c93a4) Importer(815301076,1909f56bfc062723c751e8b465ee728b)
Start importing Assets/Prefab/booksPrefabs/Book_56.prefab using Guid(f7adbd815098e964f87fe714f15c93a4) Importer(815301076,1909f56bfc062723c751e8b465ee728b) (PreviewImporter) -> (artifact id: 'b82bcb0df401d4db3962ef745cf9df5b') in 0.0251493 seconds
Number of updated asset objects reloaded before import = 0Number of asset objects unloaded after import = 11

========================================================================
Received Import Request.
  Time since last request: 0.000026 seconds.
  path: Assets/Prefab/booksPrefabs/Books_09.prefab
  artifactKey: Guid(dfa2e9979d6f35b4bb9735076d626b40) Importer(815301076,1909f56bfc062723c751e8b465ee728b)
Start importing Assets/Prefab/booksPrefabs/Books_09.prefab using Guid(dfa2e9979d6f35b4bb9735076d626b40) Importer(815301076,1909f56bfc062723c751e8b465ee728b) (PreviewImporter) -> (artifact id: '891510973d187a5c6fb1ef1b9798815b') in 0.0341425 seconds
Number of updated asset objects reloaded before import = 0Number of asset objects unloaded after import = 10

========================================================================
Received Import Request.
  Time since last request: 0.000016 seconds.
  path: Assets/Prefab/booksPrefabs/Book_50.prefab
  artifactKey: Guid(7332e86eb26e8304cb599d59557fd313) Importer(815301076,1909f56bfc062723c751e8b465ee728b)
Start importing Assets/Prefab/booksPrefabs/Book_50.prefab using Guid(7332e86eb26e8304cb599d59557fd313) Importer(815301076,1909f56bfc062723c751e8b465ee728b) (PreviewImporter) -> (artifact id: 'c061428a478d735b7bf600dc73838ab2') in 0.0263737 seconds
Number of updated asset objects reloaded before import = 0Number of asset objects unloaded after import = 11

========================================================================
Received Import Request.
  Time since last request: 0.000018 seconds.
  path: Assets/Prefab/booksPrefabs/Book_62.prefab
  artifactKey: Guid(c0bfcc8ab58c98d48bbe71e3091f0b14) Importer(815301076,1909f56bfc062723c751e8b465ee728b)
Start importing Assets/Prefab/booksPrefabs/Book_62.prefab using Guid(c0bfcc8ab58c98d48bbe71e3091f0b14) Importer(815301076,1909f56bfc062723c751e8b465ee728b) (PreviewImporter) -> (artifact id: '0626bc7766c2a2c2637d1d9e1690a6bd') in 0.0271507 seconds
Number of updated asset objects reloaded before import = 0Number of asset objects unloaded after import = 11

========================================================================
Received Import Request.
  Time since last request: 0.000019 seconds.
  path: Assets/Prefab/booksPrefabs/Books_07.prefab
  artifactKey: Guid(6aa1e5cf2e7a0bb479f8fb1d820b3cf3) Importer(815301076,1909f56bfc062723c751e8b465ee728b)
Start importing Assets/Prefab/booksPrefabs/Books_07.prefab using Guid(6aa1e5cf2e7a0bb479f8fb1d820b3cf3) Importer(815301076,1909f56bfc062723c751e8b465ee728b) (PreviewImporter) -> (artifact id: '61bd0b192e5a0429c51311e6180fb793') in 0.0280526 seconds
Number of updated asset objects reloaded before import = 0Number of asset objects unloaded after import = 11

========================================================================
Received Import Request.
  Time since last request: 0.000022 seconds.
  path: Assets/Prefab/booksPrefabs/Book_52.prefab
  artifactKey: Guid(5c50068b0aa4ea9469f5b39c43f09cbd) Importer(815301076,1909f56bfc062723c751e8b465ee728b)
Start importing Assets/Prefab/booksPrefabs/Book_52.prefab using Guid(5c50068b0aa4ea9469f5b39c43f09cbd) Importer(815301076,1909f56bfc062723c751e8b465ee728b) (PreviewImporter) -> (artifact id: '692ce1bae1a3669c186da09aa76e293a') in 0.027032 seconds
Number of updated asset objects reloaded before import = 0Number of asset objects unloaded after import = 11

========================================================================
Received Import Request.
  Time since last request: 0.000030 seconds.
  path: Assets/Prefab/booksPrefabs/Book_59.prefab
  artifactKey: Guid(03723e9b1fea55c4388212dd969437ab) Importer(815301076,1909f56bfc062723c751e8b465ee728b)
Start importing Assets/Prefab/booksPrefabs/Book_59.prefab using Guid(03723e9b1fea55c4388212dd969437ab) Importer(815301076,1909f56bfc062723c751e8b465ee728b) (PreviewImporter) -> (artifact id: '44df85df65029eac2987407bf07598db') in 0.0279651 seconds
Number of updated asset objects reloaded before import = 0Number of asset objects unloaded after import = 11

========================================================================
Received Import Request.
  Time since last request: 0.000017 seconds.
  path: Assets/Prefab/booksPrefabs/Book_57.prefab
  artifactKey: Guid(c9af877c9e2ef964baffd5ad3713c982) Importer(815301076,1909f56bfc062723c751e8b465ee728b)
Start importing Assets/Prefab/booksPrefabs/Book_57.prefab using Guid(c9af877c9e2ef964baffd5ad3713c982) Importer(815301076,1909f56bfc062723c751e8b465ee728b) (PreviewImporter) -> (artifact id: '1da3d629fb280296159d3de46ae2082c') in 0.027953 seconds
Number of updated asset objects reloaded before import = 0Number of asset objects unloaded after import = 11

========================================================================
Received Import Request.
  Time since last request: 0.000019 seconds.
  path: Assets/Prefab/booksPrefabs/Books_35.prefab
  artifactKey: Guid(bae62b4c52157a5458cd20065bea1c1b) Importer(815301076,1909f56bfc062723c751e8b465ee728b)
Start importing Assets/Prefab/booksPrefabs/Books_35.prefab using Guid(bae62b4c52157a5458cd20065bea1c1b) Importer(815301076,1909f56bfc062723c751e8b465ee728b) (PreviewImporter) -> (artifact id: 'bcf29de9bbf7de36a4d0102f2d44e7a0') in 0.033583 seconds
Number of updated asset objects reloaded before import = 0Number of asset objects unloaded after import = 14

========================================================================
Received Import Request.
  Time since last request: 0.000022 seconds.
  path: Assets/Prefab/booksPrefabs/Book_13.prefab
  artifactKey: Guid(33870fbe93d82aa42bbf30d1b6ca6dbc) Importer(815301076,1909f56bfc062723c751e8b465ee728b)
Start importing Assets/Prefab/booksPrefabs/Book_13.prefab using Guid(33870fbe93d82aa42bbf30d1b6ca6dbc) Importer(815301076,1909f56bfc062723c751e8b465ee728b) (PreviewImporter) -> (artifact id: '2c5091ed38d38fd2152dd7b4508daf42') in 0.0317148 seconds
Number of updated asset objects reloaded before import = 0Number of asset objects unloaded after import = 11

========================================================================
Received Import Request.
  Time since last request: 0.000028 seconds.
  path: Assets/Prefab/booksPrefabs/Book_24.prefab
  artifactKey: Guid(9892017200d0cc94d88831a60a2060b0) Importer(815301076,1909f56bfc062723c751e8b465ee728b)
Start importing Assets/Prefab/booksPrefabs/Book_24.prefab using Guid(9892017200d0cc94d88831a60a2060b0) Importer(815301076,1909f56bfc062723c751e8b465ee728b) (PreviewImporter) -> (artifact id: '141cd55bb90e0d25ba3ca1d04dd83457') in 0.0229517 seconds
Number of updated asset objects reloaded before import = 0Number of asset objects unloaded after import = 11

========================================================================
Received Import Request.
  Time since last request: 0.000014 seconds.
  path: Assets/Prefab/booksPrefabs/Book_40.prefab
  artifactKey: Guid(bf3d1b965adae8a458c3e89db971211a) Importer(815301076,1909f56bfc062723c751e8b465ee728b)
Start importing Assets/Prefab/booksPrefabs/Book_40.prefab using Guid(bf3d1b965adae8a458c3e89db971211a) Importer(815301076,1909f56bfc062723c751e8b465ee728b) (PreviewImporter) -> (artifact id: 'f05ea37995a2f4b80ac1c76e929e4540') in 0.0228915 seconds
Number of updated asset objects reloaded before import = 0Number of asset objects unloaded after import = 11

========================================================================
Received Import Request.
  Time since last request: 0.000020 seconds.
  path: Assets/Prefab/booksPrefabs/Book_48.prefab
  artifactKey: Guid(1a07456d67796204ea7678dbe6cfe362) Importer(815301076,1909f56bfc062723c751e8b465ee728b)
Start importing Assets/Prefab/booksPrefabs/Book_48.prefab using Guid(1a07456d67796204ea7678dbe6cfe362) Importer(815301076,1909f56bfc062723c751e8b465ee728b) (PreviewImporter) -> (artifact id: '565ebecaf62db77fd5825b092f8d6ffa') in 0.0243217 seconds
Number of updated asset objects reloaded before import = 0Number of asset objects unloaded after import = 11

========================================================================
Received Import Request.
  Time since last request: 0.000023 seconds.
  path: Assets/Prefab/booksPrefabs/Book_43.prefab
  artifactKey: Guid(4a659989bfe2e50459a178b9cb924616) Importer(815301076,1909f56bfc062723c751e8b465ee728b)
Start importing Assets/Prefab/booksPrefabs/Book_43.prefab using Guid(4a659989bfe2e50459a178b9cb924616) Importer(815301076,1909f56bfc062723c751e8b465ee728b) (PreviewImporter) -> (artifact id: 'd787236c6142f6f5bf9715fc8f2cbdee') in 0.0239769 seconds
Number of updated asset objects reloaded before import = 0Number of asset objects unloaded after import = 11

========================================================================
Received Import Request.
  Time since last request: 0.000025 seconds.
  path: Assets/Prefab/booksPrefabs/Book_27.prefab
  artifactKey: Guid(c5dc42355e9922149ba62e416f86b2a1) Importer(815301076,1909f56bfc062723c751e8b465ee728b)
Start importing Assets/Prefab/booksPrefabs/Book_27.prefab using Guid(c5dc42355e9922149ba62e416f86b2a1) Importer(815301076,1909f56bfc062723c751e8b465ee728b) (PreviewImporter) -> (artifact id: 'cbbea2b57f3df6b7c7d6c9160ea47408') in 0.0248897 seconds
Number of updated asset objects reloaded before import = 0Number of asset objects unloaded after import = 11

========================================================================
Received Import Request.
  Time since last request: 0.000016 seconds.
  path: Assets/Prefab/booksPrefabs/Book_17.prefab
  artifactKey: Guid(114f2b09cbdeb8d42b7a7f4ab0c2ceb4) Importer(815301076,1909f56bfc062723c751e8b465ee728b)
Start importing Assets/Prefab/booksPrefabs/Book_17.prefab using Guid(114f2b09cbdeb8d42b7a7f4ab0c2ceb4) Importer(815301076,1909f56bfc062723c751e8b465ee728b) (PreviewImporter) -> (artifact id: 'cb84d8842d6d117b7e36c944f528d34a') in 0.0280678 seconds
Number of updated asset objects reloaded before import = 0Number of asset objects unloaded after import = 11

========================================================================
Received Import Request.
  Time since last request: 0.000019 seconds.
  path: Assets/Prefab/booksPrefabs/Book_23.prefab
  artifactKey: Guid(a143fa61fa75c1948b865ebba53b13cd) Importer(815301076,1909f56bfc062723c751e8b465ee728b)
Start importing Assets/Prefab/booksPrefabs/Book_23.prefab using Guid(a143fa61fa75c1948b865ebba53b13cd) Importer(815301076,1909f56bfc062723c751e8b465ee728b) (PreviewImporter) -> (artifact id: '81c86add7b1ad100325bacf6ca44f1b8') in 0.0235143 seconds
Number of updated asset objects reloaded before import = 0Number of asset objects unloaded after import = 11

========================================================================
Received Import Request.
  Time since last request: 0.000019 seconds.
  path: Assets/Prefab/booksPrefabs/Book_53.prefab
  artifactKey: Guid(254a6646a889c714bb948279451aaf33) Importer(815301076,1909f56bfc062723c751e8b465ee728b)
Start importing Assets/Prefab/booksPrefabs/Book_53.prefab using Guid(254a6646a889c714bb948279451aaf33) Importer(815301076,1909f56bfc062723c751e8b465ee728b) (PreviewImporter) -> (artifact id: '0d0feabf1430a8810434930c6ddca889') in 0.0256272 seconds
Number of updated asset objects reloaded before import = 0Number of asset objects unloaded after import = 11

========================================================================
Received Import Request.
  Time since last request: 0.000018 seconds.
  path: Assets/Prefab/booksPrefabs/Book_47.prefab
  artifactKey: Guid(6cd39d8a547cc11408d7c675612d6767) Importer(815301076,1909f56bfc062723c751e8b465ee728b)
Start importing Assets/Prefab/booksPrefabs/Book_47.prefab using Guid(6cd39d8a547cc11408d7c675612d6767) Importer(815301076,1909f56bfc062723c751e8b465ee728b) (PreviewImporter) -> (artifact id: 'f6f3314c9c2c059c398387d4563d586e') in 0.0246324 seconds
Number of updated asset objects reloaded before import = 0Number of asset objects unloaded after import = 11

========================================================================
Received Import Request.
  Time since last request: 0.000026 seconds.
  path: Assets/Prefab/booksPrefabs/Books_23.prefab
  artifactKey: Guid(2e2f5c6350505b94d9c6ad6d76422a27) Importer(815301076,1909f56bfc062723c751e8b465ee728b)
Start importing Assets/Prefab/booksPrefabs/Books_23.prefab using Guid(2e2f5c6350505b94d9c6ad6d76422a27) Importer(815301076,1909f56bfc062723c751e8b465ee728b) (PreviewImporter) -> (artifact id: 'fa033f9ef05a3aec5048aaf58428ecde') in 0.0248632 seconds
Number of updated asset objects reloaded before import = 0Number of asset objects unloaded after import = 11

========================================================================
Received Import Request.
  Time since last request: 0.000021 seconds.
  path: Assets/Prefab/booksPrefabs/Books_18.prefab
  artifactKey: Guid(b3531634795f41c4c91be035d7b15559) Importer(815301076,1909f56bfc062723c751e8b465ee728b)
Start importing Assets/Prefab/booksPrefabs/Books_18.prefab using Guid(b3531634795f41c4c91be035d7b15559) Importer(815301076,1909f56bfc062723c751e8b465ee728b) (PreviewImporter) -> (artifact id: '37bca36485dc45eaf259caba719dc102') in 0.0259652 seconds
Number of updated asset objects reloaded before import = 0Number of asset objects unloaded after import = 11

========================================================================
Received Import Request.
  Time since last request: 0.000028 seconds.
  path: Assets/Prefab/booksPrefabs/Books_15.prefab
  artifactKey: Guid(7171862ec87b07b47addc4d6c1e3686d) Importer(815301076,1909f56bfc062723c751e8b465ee728b)
Start importing Assets/Prefab/booksPrefabs/Books_15.prefab using Guid(7171862ec87b07b47addc4d6c1e3686d) Importer(815301076,1909f56bfc062723c751e8b465ee728b) (PreviewImporter) -> (artifact id: '76b29b5e36f78ee51dcc1e7b20a7e22b') in 0.0244507 seconds
Number of updated asset objects reloaded before import = 0Number of asset objects unloaded after import = 11

========================================================================
Received Import Request.
  Time since last request: 0.000022 seconds.
  path: Assets/Prefab/booksPrefabs/Book_34.prefab
  artifactKey: Guid(930d7b1a750d2f144a91ab60fca13b78) Importer(815301076,1909f56bfc062723c751e8b465ee728b)
Start importing Assets/Prefab/booksPrefabs/Book_34.prefab using Guid(930d7b1a750d2f144a91ab60fca13b78) Importer(815301076,1909f56bfc062723c751e8b465ee728b) (PreviewImporter) -> (artifact id: '2708dc933c5495fe8654b5d91ac97b84') in 0.018818 seconds
Number of updated asset objects reloaded before import = 0Number of asset objects unloaded after import = 11

========================================================================
Received Import Request.
  Time since last request: 2.032042 seconds.
  path: Assets/Prefab/metalrackPrefabs/BoardShelf D.prefab
  artifactKey: Guid(ef27fec05dc353e47afc629dbf165b17) Importer(815301076,1909f56bfc062723c751e8b465ee728b)
Start importing Assets/Prefab/metalrackPrefabs/BoardShelf D.prefab using Guid(ef27fec05dc353e47afc629dbf165b17) Importer(815301076,1909f56bfc062723c751e8b465ee728b) (PreviewImporter) -> (artifact id: '5f9e72a4be969f7cee5914317c224310') in 0.0181789 seconds
Number of updated asset objects reloaded before import = 0Number of asset objects unloaded after import = 62

========================================================================
Received Import Request.
  Time since last request: 0.000024 seconds.
  path: Assets/Prefab/metalrackPrefabs/MetalRack_Shelf_Board_Half.prefab
  artifactKey: Guid(7c5ea4eb1941980429abac9d717329c7) Importer(815301076,1909f56bfc062723c751e8b465ee728b)
Start importing Assets/Prefab/metalrackPrefabs/MetalRack_Shelf_Board_Half.prefab using Guid(7c5ea4eb1941980429abac9d717329c7) Importer(815301076,1909f56bfc062723c751e8b465ee728b) (PreviewImporter) -> (artifact id: '203eee5d9d86be80e632b117d70ea77e') in 0.0181817 seconds
Number of updated asset objects reloaded before import = 0Number of asset objects unloaded after import = 10

========================================================================
Received Import Request.
  Time since last request: 0.000017 seconds.
  path: Assets/Prefab/metalrackPrefabs/MetalRack_Sidebar_Half.prefab
  artifactKey: Guid(f4150ef658b855d4a8f725e20efdde87) Importer(815301076,1909f56bfc062723c751e8b465ee728b)
Start importing Assets/Prefab/metalrackPrefabs/MetalRack_Sidebar_Half.prefab using Guid(f4150ef658b855d4a8f725e20efdde87) Importer(815301076,1909f56bfc062723c751e8b465ee728b) (PreviewImporter) -> (artifact id: '71903343e0d81495e58b51376b20f322') in 0.0165012 seconds
Number of updated asset objects reloaded before import = 0Number of asset objects unloaded after import = 9

========================================================================
Received Import Request.
  Time since last request: 0.000016 seconds.
  path: Assets/Prefab/metalrackPrefabs/WireShelf B.prefab
  artifactKey: Guid(3aa5281aec313c043b3e82745af1ae17) Importer(815301076,1909f56bfc062723c751e8b465ee728b)
Start importing Assets/Prefab/metalrackPrefabs/WireShelf B.prefab using Guid(3aa5281aec313c043b3e82745af1ae17) Importer(815301076,1909f56bfc062723c751e8b465ee728b) (PreviewImporter) -> (artifact id: '334dbfeff3a760547bfe0f512005307d') in 0.0182814 seconds
Number of updated asset objects reloaded before import = 0Number of asset objects unloaded after import = 73

========================================================================
Received Import Request.
  Time since last request: 5.341484 seconds.
  path: Assets/Prefab/storePrefabs/DuctPipe Variant.prefab
  artifactKey: Guid(b594bbee623b7db4aaa6fa171b1c559a) Importer(815301076,1909f56bfc062723c751e8b465ee728b)
Start importing Assets/Prefab/storePrefabs/DuctPipe Variant.prefab using Guid(b594bbee623b7db4aaa6fa171b1c559a) Importer(815301076,1909f56bfc062723c751e8b465ee728b) (PreviewImporter) -> (artifact id: '24868c70bda54146b797a5705782d41e') in 0.0254183 seconds
Number of updated asset objects reloaded before import = 0Number of asset objects unloaded after import = 16

========================================================================
Received Import Request.
  Time since last request: 0.000018 seconds.
  path: Assets/Prefab/storePrefabs/LongTable Variant.prefab
  artifactKey: Guid(12ef623c00d8cc346867a700131e2d0c) Importer(815301076,1909f56bfc062723c751e8b465ee728b)
Start importing Assets/Prefab/storePrefabs/LongTable Variant.prefab using Guid(12ef623c00d8cc346867a700131e2d0c) Importer(815301076,1909f56bfc062723c751e8b465ee728b) (PreviewImporter) -> (artifact id: 'b82e683ff7c9564d1ea4cd0a9ddede00') in 0.0426817 seconds
Number of updated asset objects reloaded before import = 0Number of asset objects unloaded after import = 21

========================================================================
Received Import Request.
  Time since last request: 0.000018 seconds.
  path: Assets/Prefab/storePrefabs/HangingLight Variant.prefab
  artifactKey: Guid(26254a4c3e3e513479c7487c854fd148) Importer(815301076,1909f56bfc062723c751e8b465ee728b)
Start importing Assets/Prefab/storePrefabs/HangingLight Variant.prefab using Guid(26254a4c3e3e513479c7487c854fd148) Importer(815301076,1909f56bfc062723c751e8b465ee728b) (PreviewImporter) -> (artifact id: '8630ef6300e8e187e3a285bcef3e8a3e') in 0.2638517 seconds
Number of updated asset objects reloaded before import = 0Number of asset objects unloaded after import = 18

Editor requested this worker to shutdown with reason: Scaling down because of idle timeout
AssetImportWorker is now disconnected from the server
Process exiting
Exiting without the bug reporter. Application will terminate with return code 0