Using pre-set license
Built from '2022.3/staging' branch; Version is '2022.3.24f1 (334eb2a0b267) revision 3362482'; Using compiler version '192829333'; Build Type 'Release'
OS: 'Windows 11  (10.0.22631) 64bit Professional' Language: 'sv' Physical Memory: 16309 MB
BatchMode: 1, IsHumanControllingUs: 0, StartBugReporterOnCrash: 0, Is64bit: 1, IsPro: 1

COMMAND LINE ARGUMENTS:
C:\Program Files\Unity\Hub\Editor\2022.3.24f1\Editor\Unity.exe
-adb2
-batchMode
-noUpm
-name
AssetImportWorker4
-projectPath
C:/Users/SarcasticLord/Documents/block/BlockbusterSimulator
-logFile
Logs/AssetImportWorker4.log
-srvPort
54563
Successfully changed project path to: C:/Users/SarcasticLord/Documents/block/BlockbusterSimulator
C:/Users/SarcasticLord/Documents/block/BlockbusterSimulator
[UnityMemory] Configuration Parameters - Can be set up in boot.config
    "memorysetup-bucket-allocator-granularity=16"
    "memorysetup-bucket-allocator-bucket-count=8"
    "memorysetup-bucket-allocator-block-size=33554432"
    "memorysetup-bucket-allocator-block-count=8"
    "memorysetup-main-allocator-block-size=16777216"
    "memorysetup-thread-allocator-block-size=16777216"
    "memorysetup-gfx-main-allocator-block-size=16777216"
    "memorysetup-gfx-thread-allocator-block-size=16777216"
    "memorysetup-cache-allocator-block-size=4194304"
    "memorysetup-typetree-allocator-block-size=2097152"
    "memorysetup-profiler-bucket-allocator-granularity=16"
    "memorysetup-profiler-bucket-allocator-bucket-count=8"
    "memorysetup-profiler-bucket-allocator-block-size=33554432"
    "memorysetup-profiler-bucket-allocator-block-count=8"
    "memorysetup-profiler-allocator-block-size=16777216"
    "memorysetup-profiler-editor-allocator-block-size=1048576"
    "memorysetup-temp-allocator-size-main=16777216"
    "memorysetup-job-temp-allocator-block-size=2097152"
    "memorysetup-job-temp-allocator-block-size-background=1048576"
    "memorysetup-job-temp-allocator-reduction-small-platforms=262144"
    "memorysetup-allocator-temp-initial-block-size-main=262144"
    "memorysetup-allocator-temp-initial-block-size-worker=262144"
    "memorysetup-temp-allocator-size-background-worker=32768"
    "memorysetup-temp-allocator-size-job-worker=262144"
    "memorysetup-temp-allocator-size-preload-manager=33554432"
    "memorysetup-temp-allocator-size-nav-mesh-worker=65536"
    "memorysetup-temp-allocator-size-audio-worker=65536"
    "memorysetup-temp-allocator-size-cloud-worker=32768"
    "memorysetup-temp-allocator-size-gi-baking-worker=262144"
    "memorysetup-temp-allocator-size-gfx=262144"
Player connection [31992] Host "[IP] 10.0.0.112 [Port] 0 [Flags] 2 [Guid] 129426218 [EditorId] 129426218 [Version] 1048832 [Id] WindowsEditor(7,Type-40-Mk-1-TT) [Debug] 1 [PackageName] WindowsEditor [ProjectName] Editor" joined multi-casting on [225.0.0.222:54997]...

Player connection [31992] Host "[IP] 10.0.0.112 [Port] 0 [Flags] 2 [Guid] 129426218 [EditorId] 129426218 [Version] 1048832 [Id] WindowsEditor(7,Type-40-Mk-1-TT) [Debug] 1 [PackageName] WindowsEditor [ProjectName] Editor" joined alternative multi-casting on [225.0.0.222:34997]...

[Physics::Module] Initialized MultithreadedJobDispatcher with 11 workers.
Refreshing native plugins compatible for Editor in 13.20 ms, found 3 plugins.
Preloading 0 native plugins for Editor in 0.00 ms.
Initialize engine version: 2022.3.24f1 (334eb2a0b267)
[Subsystems] Discovering subsystems at path C:/Program Files/Unity/Hub/Editor/2022.3.24f1/Editor/Data/Resources/UnitySubsystems
[Subsystems] Discovering subsystems at path C:/Users/SarcasticLord/Documents/block/BlockbusterSimulator/Assets
GfxDevice: creating device client; threaded=0; jobified=0
Direct3D:
    Version:  Direct3D 11.0 [level 11.1]
    Renderer: NVIDIA GeForce RTX 3070 (ID=0x2484)
    Vendor:   NVIDIA
    VRAM:     8018 MB
    Driver:   32.0.15.6094
Initialize mono
Mono path[0] = 'C:/Program Files/Unity/Hub/Editor/2022.3.24f1/Editor/Data/Managed'
Mono path[1] = 'C:/Program Files/Unity/Hub/Editor/2022.3.24f1/Editor/Data/MonoBleedingEdge/lib/mono/unityjit-win32'
Mono config path = 'C:/Program Files/Unity/Hub/Editor/2022.3.24f1/Editor/Data/MonoBleedingEdge/etc'
Using monoOptions --debugger-agent=transport=dt_socket,embedding=1,server=y,suspend=n,address=127.0.0.1:56736
Begin MonoManager ReloadAssembly
Registering precompiled unity dll's ...
Register platform support module: C:/Program Files/Unity/Hub/Editor/2022.3.24f1/Editor/Data/PlaybackEngines/WindowsStandaloneSupport/UnityEditor.WindowsStandalone.Extensions.dll
Registered in 0.009285 seconds.
- Loaded All Assemblies, in  0.358 seconds
Native extension for WindowsStandalone target not found
Mono: successfully reloaded assembly
- Finished resetting the current domain, in  0.244 seconds
Domain Reload Profiling: 600ms
	BeginReloadAssembly (118ms)
		ExecutionOrderSort (0ms)
		DisableScriptedObjects (0ms)
		BackupInstance (0ms)
		ReleaseScriptingObjects (0ms)
		CreateAndSetChildDomain (1ms)
	RebuildCommonClasses (36ms)
	RebuildNativeTypeToScriptingClass (14ms)
	initialDomainReloadingComplete (63ms)
	LoadAllAssembliesAndSetupDomain (124ms)
		LoadAssemblies (115ms)
		RebuildTransferFunctionScriptingTraits (0ms)
		AnalyzeDomain (122ms)
			TypeCache.Refresh (120ms)
				TypeCache.ScanAssembly (106ms)
			ScanForSourceGeneratedMonoScriptInfo (0ms)
			ResolveRequiredComponents (1ms)
	FinalizeReload (245ms)
		ReleaseScriptCaches (0ms)
		RebuildScriptCaches (0ms)
		SetupLoadedEditorAssemblies (195ms)
			LogAssemblyErrors (0ms)
			InitializePlatformSupportModulesInManaged (8ms)
			SetLoadedEditorAssemblies (8ms)
			RefreshPlugins (0ms)
			BeforeProcessingInitializeOnLoad (3ms)
			ProcessInitializeOnLoadAttributes (130ms)
			ProcessInitializeOnLoadMethodAttributes (45ms)
			AfterProcessingInitializeOnLoad (0ms)
			EditorAssembliesLoaded (0ms)
		ExecutionOrderSort2 (0ms)
		AwakeInstancesAfterBackupRestoration (0ms)
========================================================================
Worker process is ready to serve import requests
Begin MonoManager ReloadAssembly
- Loaded All Assemblies, in  0.771 seconds
Refreshing native plugins compatible for Editor in 5.37 ms, found 3 plugins.
Native extension for WindowsStandalone target not found
Mono: successfully reloaded assembly
- Finished resetting the current domain, in  0.726 seconds
Domain Reload Profiling: 1493ms
	BeginReloadAssembly (149ms)
		ExecutionOrderSort (0ms)
		DisableScriptedObjects (6ms)
		BackupInstance (0ms)
		ReleaseScriptingObjects (0ms)
		CreateAndSetChildDomain (22ms)
	RebuildCommonClasses (30ms)
	RebuildNativeTypeToScriptingClass (10ms)
	initialDomainReloadingComplete (43ms)
	LoadAllAssembliesAndSetupDomain (535ms)
		LoadAssemblies (396ms)
		RebuildTransferFunctionScriptingTraits (0ms)
		AnalyzeDomain (230ms)
			TypeCache.Refresh (198ms)
				TypeCache.ScanAssembly (179ms)
			ScanForSourceGeneratedMonoScriptInfo (21ms)
			ResolveRequiredComponents (10ms)
	FinalizeReload (726ms)
		ReleaseScriptCaches (0ms)
		RebuildScriptCaches (0ms)
		SetupLoadedEditorAssemblies (590ms)
			LogAssemblyErrors (0ms)
			InitializePlatformSupportModulesInManaged (5ms)
			SetLoadedEditorAssemblies (4ms)
			RefreshPlugins (0ms)
			BeforeProcessingInitializeOnLoad (82ms)
			ProcessInitializeOnLoadAttributes (430ms)
			ProcessInitializeOnLoadMethodAttributes (62ms)
			AfterProcessingInitializeOnLoad (7ms)
			EditorAssembliesLoaded (0ms)
		ExecutionOrderSort2 (0ms)
		AwakeInstancesAfterBackupRestoration (5ms)
Launched and connected shader compiler UnityShaderCompiler.exe after 0.07 seconds
Refreshing native plugins compatible for Editor in 7.24 ms, found 3 plugins.
Preloading 0 native plugins for Editor in 0.00 ms.
Unloading 5651 Unused Serialized files (Serialized files now loaded: 0)
Unloading 92 unused Assets / (0.8 MB). Loaded Objects now: 6102.
Memory consumption went from 214.7 MB to 213.8 MB.
Total: 6.569500 ms (FindLiveObjects: 0.695600 ms CreateObjectMapping: 0.390700 ms MarkObjects: 4.952300 ms  DeleteObjects: 0.529700 ms)

AssetImportParameters requested are different than current active one (requested -> active):
  custom:container-demuxer-ogg: 62fdf1f143b41e24485cea50d1cbac27 -> 
  custom:video-decoder-ogg-theora: a1e56fd34408186e4bbccfd4996cb3dc -> 
  custom:framework-win-MediaFoundation: 216162199b28c13a410421893ffa2e32 -> 
  custom:CustomObjectIndexerAttribute: 72b91833f83ae208fae7752999fa3104 -> 
  custom:container-demuxer-webm: 4f35f7cbe854078d1ac9338744f61a02 -> 
  custom:container-muxer-webm: aa71ff27fc2769a1b78a27578f13a17b -> 
  custom:video-decoder-webm-vp8: 9c59270c3fd7afecdb556c50c9e8de78 -> 
  custom:SearchIndexIgnoredProperties: e643bd26f0fe6173181afceb89e7c659 -> 
  custom:AudioImporter_EditorPlatform: d09bf68614088b80899f8185d706f6e7 -> 
  custom:video-encoder-webm-vp8: eb34c28f22e8b96e1ab97ce403110664 -> 
  custom:audio-decoder-ogg-vorbis: bf7c407c2cedff20999df2af8eb42d56 -> 
  custom:audio-encoder-webm-vorbis: bf7c407c2cedff20999df2af8eb42d56 -> 
========================================================================
Received Import Request.
  Time since last request: 7429.314684 seconds.
  path: Assets/Scenes
  artifactKey: Guid(251e606849a6bd14f9051f4782958af9) Importer(815301076,1909f56bfc062723c751e8b465ee728b)
Start importing Assets/Scenes using Guid(251e606849a6bd14f9051f4782958af9) Importer(815301076,1909f56bfc062723c751e8b465ee728b)  -> (artifact id: 'f4402c0cc9fda5f3725bc4107c3310c1') in 0.001985 seconds
Number of updated asset objects reloaded before import = 0
Number of asset objects unloaded after import = 0
========================================================================
Received Import Request.
  Time since last request: 6.707608 seconds.
  path: Assets/Scenes/Retail Store.unity
  artifactKey: Guid(524017264bc463848a998a2e5b44e873) Importer(815301076,1909f56bfc062723c751e8b465ee728b)
Start importing Assets/Scenes/Retail Store.unity using Guid(524017264bc463848a998a2e5b44e873) Importer(815301076,1909f56bfc062723c751e8b465ee728b)  -> (artifact id: '90227555aa7dab4523395e8e22c63e3d') in 0.000474 seconds
Number of updated asset objects reloaded before import = 0
Number of asset objects unloaded after import = 0
========================================================================
Received Import Request.
  Time since last request: 6.804445 seconds.
  path: Assets/Prefab
  artifactKey: Guid(9f219b1a87d667d4d9abbf865cc4b644) Importer(815301076,1909f56bfc062723c751e8b465ee728b)
Start importing Assets/Prefab using Guid(9f219b1a87d667d4d9abbf865cc4b644) Importer(815301076,1909f56bfc062723c751e8b465ee728b)  -> (artifact id: '42752fbbc01c05625cfe594cf177e587') in 0.000553 seconds
Number of updated asset objects reloaded before import = 0
Number of asset objects unloaded after import = 0
========================================================================
Received Import Request.
  Time since last request: 0.078258 seconds.
  path: Assets/Prefab/fenceFortified (1).prefab
  artifactKey: Guid(4f1ef15c3099aeb458d7fb2af5b6a7a4) Importer(815301076,1909f56bfc062723c751e8b465ee728b)
Start importing Assets/Prefab/fenceFortified (1).prefab using Guid(4f1ef15c3099aeb458d7fb2af5b6a7a4) Importer(815301076,1909f56bfc062723c751e8b465ee728b)  -> (artifact id: '045d5bcdfbc245e5943c33fc5c20f6a7') in 0.372521 seconds
Number of updated asset objects reloaded before import = 0
Number of asset objects unloaded after import = 16
========================================================================
Received Import Request.
  Time since last request: 5.399043 seconds.
  path: Assets/Prefab/booksPrefabs
  artifactKey: Guid(6c256c227cfa7b340abfe668a80218f6) Importer(815301076,1909f56bfc062723c751e8b465ee728b)
Start importing Assets/Prefab/booksPrefabs using Guid(6c256c227cfa7b340abfe668a80218f6) Importer(815301076,1909f56bfc062723c751e8b465ee728b)  -> (artifact id: '4ad884b61339bf41fb37723176aaa2bd') in 0.004408 seconds
Number of updated asset objects reloaded before import = 0
Number of asset objects unloaded after import = 0
========================================================================
Received Import Request.
  Time since last request: 0.107142 seconds.
  path: Assets/Prefab/booksPrefabs/Book_01.prefab
  artifactKey: Guid(8eabee3a247b5fe41bfdcf4b301c41a6) Importer(815301076,1909f56bfc062723c751e8b465ee728b)
Start importing Assets/Prefab/booksPrefabs/Book_01.prefab using Guid(8eabee3a247b5fe41bfdcf4b301c41a6) Importer(815301076,1909f56bfc062723c751e8b465ee728b)  -> (artifact id: 'b8ffbdaeb9242c3908c128162effeb56') in 2.865340 seconds
Number of updated asset objects reloaded before import = 0
Number of asset objects unloaded after import = 11
========================================================================
Received Import Request.
  Time since last request: 0.024923 seconds.
  path: Assets/Prefab/booksPrefabs/Book_22.prefab
  artifactKey: Guid(a0364dc92de710744b46e7c19fca3d7b) Importer(815301076,1909f56bfc062723c751e8b465ee728b)
Start importing Assets/Prefab/booksPrefabs/Book_22.prefab using Guid(a0364dc92de710744b46e7c19fca3d7b) Importer(815301076,1909f56bfc062723c751e8b465ee728b)  -> (artifact id: 'ba69e829ff2b613c1c1410b0be691706') in 0.109846 seconds
Number of updated asset objects reloaded before import = 0
Number of asset objects unloaded after import = 11
========================================================================
Received Import Request.
  Time since last request: 0.000022 seconds.
  path: Assets/Prefab/booksPrefabs/Books_14.prefab
  artifactKey: Guid(838c42f39b984574db5f2800e6f0ac25) Importer(815301076,1909f56bfc062723c751e8b465ee728b)
Start importing Assets/Prefab/booksPrefabs/Books_14.prefab using Guid(838c42f39b984574db5f2800e6f0ac25) Importer(815301076,1909f56bfc062723c751e8b465ee728b)  -> (artifact id: 'b12b28d61d4997568e621b0d4d1cbb0d') in 0.075259 seconds
Number of updated asset objects reloaded before import = 0
Number of asset objects unloaded after import = 11
========================================================================
Received Import Request.
  Time since last request: 0.000025 seconds.
  path: Assets/Prefab/booksPrefabs/Book_52.prefab
  artifactKey: Guid(5c50068b0aa4ea9469f5b39c43f09cbd) Importer(815301076,1909f56bfc062723c751e8b465ee728b)
Start importing Assets/Prefab/booksPrefabs/Book_52.prefab using Guid(5c50068b0aa4ea9469f5b39c43f09cbd) Importer(815301076,1909f56bfc062723c751e8b465ee728b)  -> (artifact id: '1cdac9d4dbc6d08e9a8c73e51dcdc36e') in 0.046144 seconds
Number of updated asset objects reloaded before import = 0
Number of asset objects unloaded after import = 11
========================================================================
Received Import Request.
  Time since last request: 0.008069 seconds.
  path: Assets/Prefab/booksPrefabs/Book_19.prefab
  artifactKey: Guid(634bb5e240f1cdc4eabfc48f21381190) Importer(815301076,1909f56bfc062723c751e8b465ee728b)
Start importing Assets/Prefab/booksPrefabs/Book_19.prefab using Guid(634bb5e240f1cdc4eabfc48f21381190) Importer(815301076,1909f56bfc062723c751e8b465ee728b)  -> (artifact id: '8a61587e00fc11c5c2d00934d5647bef') in 0.043291 seconds
Number of updated asset objects reloaded before import = 0
Number of asset objects unloaded after import = 11
========================================================================
Received Import Request.
  Time since last request: 0.007462 seconds.
  path: Assets/Prefab/booksPrefabs/Books_20.prefab
  artifactKey: Guid(05e33778c495d8f4c85b9dd76d28aebc) Importer(815301076,1909f56bfc062723c751e8b465ee728b)
Start importing Assets/Prefab/booksPrefabs/Books_20.prefab using Guid(05e33778c495d8f4c85b9dd76d28aebc) Importer(815301076,1909f56bfc062723c751e8b465ee728b)  -> (artifact id: '8236c7e2d0d5ce3d4ce161f3302360a2') in 0.035065 seconds
Number of updated asset objects reloaded before import = 0
Number of asset objects unloaded after import = 11
========================================================================
Received Import Request.
  Time since last request: 0.004118 seconds.
  path: Assets/Prefab/booksPrefabs/Book_18.prefab
  artifactKey: Guid(716f6e89ae77a3c4099c9b880caece9e) Importer(815301076,1909f56bfc062723c751e8b465ee728b)
Start importing Assets/Prefab/booksPrefabs/Book_18.prefab using Guid(716f6e89ae77a3c4099c9b880caece9e) Importer(815301076,1909f56bfc062723c751e8b465ee728b)  -> (artifact id: '67792bebeff47aed77e8130bb829126a') in 0.088557 seconds
Number of updated asset objects reloaded before import = 0
Number of asset objects unloaded after import = 11
========================================================================
Received Import Request.
  Time since last request: 0.000195 seconds.
  path: Assets/Prefab/booksPrefabs/Book_13.prefab
  artifactKey: Guid(33870fbe93d82aa42bbf30d1b6ca6dbc) Importer(815301076,1909f56bfc062723c751e8b465ee728b)
Start importing Assets/Prefab/booksPrefabs/Book_13.prefab using Guid(33870fbe93d82aa42bbf30d1b6ca6dbc) Importer(815301076,1909f56bfc062723c751e8b465ee728b)  -> (artifact id: '0f4239d4e639e402dc7151f60cc8f8cb') in 0.054182 seconds
Number of updated asset objects reloaded before import = 0
Number of asset objects unloaded after import = 11
========================================================================
Received Import Request.
  Time since last request: 0.013055 seconds.
  path: Assets/Prefab/booksPrefabs/Books_19.prefab
  artifactKey: Guid(42336741f2631f04789ea7bc779e0d76) Importer(815301076,1909f56bfc062723c751e8b465ee728b)
Start importing Assets/Prefab/booksPrefabs/Books_19.prefab using Guid(42336741f2631f04789ea7bc779e0d76) Importer(815301076,1909f56bfc062723c751e8b465ee728b)  -> (artifact id: '7b7d1c0c88cccb956c6b9bafb24db8ab') in 0.125635 seconds
Number of updated asset objects reloaded before import = 0
Number of asset objects unloaded after import = 11
========================================================================
Received Import Request.
  Time since last request: 0.000019 seconds.
  path: Assets/Prefab/booksPrefabs/Book_14.prefab
  artifactKey: Guid(f09e10b910ed4794cb1663d92c5ef4fb) Importer(815301076,1909f56bfc062723c751e8b465ee728b)
Start importing Assets/Prefab/booksPrefabs/Book_14.prefab using Guid(f09e10b910ed4794cb1663d92c5ef4fb) Importer(815301076,1909f56bfc062723c751e8b465ee728b)  -> (artifact id: 'aefe9fba2edb82047d3d48c4271e14f2') in 0.114273 seconds
Number of updated asset objects reloaded before import = 0
Number of asset objects unloaded after import = 11
========================================================================
Received Import Request.
  Time since last request: 0.000075 seconds.
  path: Assets/Prefab/booksPrefabs/Book_49.prefab
  artifactKey: Guid(5d4db5d6c438345449a490b952d41908) Importer(815301076,1909f56bfc062723c751e8b465ee728b)
Start importing Assets/Prefab/booksPrefabs/Book_49.prefab using Guid(5d4db5d6c438345449a490b952d41908) Importer(815301076,1909f56bfc062723c751e8b465ee728b)  -> (artifact id: '571b06372d77414089f6076c272281ba') in 0.133117 seconds
Number of updated asset objects reloaded before import = 0
Number of asset objects unloaded after import = 11
========================================================================
Received Import Request.
  Time since last request: 0.000029 seconds.
  path: Assets/Prefab/booksPrefabs/Book_66.prefab
  artifactKey: Guid(5b4d8e485560e0e4d8a64438e42258dd) Importer(815301076,1909f56bfc062723c751e8b465ee728b)
Start importing Assets/Prefab/booksPrefabs/Book_66.prefab using Guid(5b4d8e485560e0e4d8a64438e42258dd) Importer(815301076,1909f56bfc062723c751e8b465ee728b)  -> (artifact id: '674d36e9d3578e1ee5d4d7c7f8565a5e') in 0.155373 seconds
Number of updated asset objects reloaded before import = 0
Number of asset objects unloaded after import = 11
========================================================================
Received Import Request.
  Time since last request: 0.000256 seconds.
  path: Assets/Prefab/booksPrefabs/BookS_04.prefab
  artifactKey: Guid(8987f42b5e586b54dafc61270de5d973) Importer(815301076,1909f56bfc062723c751e8b465ee728b)
Start importing Assets/Prefab/booksPrefabs/BookS_04.prefab using Guid(8987f42b5e586b54dafc61270de5d973) Importer(815301076,1909f56bfc062723c751e8b465ee728b)  -> (artifact id: 'b846e69f8598ecdd8883c80cd758a5cb') in 0.294088 seconds
Number of updated asset objects reloaded before import = 0
Number of asset objects unloaded after import = 11
========================================================================
Received Import Request.
  Time since last request: 0.000603 seconds.
  path: Assets/Prefab/booksPrefabs/Book_47.prefab
  artifactKey: Guid(6cd39d8a547cc11408d7c675612d6767) Importer(815301076,1909f56bfc062723c751e8b465ee728b)
Start importing Assets/Prefab/booksPrefabs/Book_47.prefab using Guid(6cd39d8a547cc11408d7c675612d6767) Importer(815301076,1909f56bfc062723c751e8b465ee728b)  -> (artifact id: '207158a19c1bbc3a33487de6889b6d8a') in 0.184311 seconds
Number of updated asset objects reloaded before import = 0
Number of asset objects unloaded after import = 11
========================================================================
Received Import Request.
  Time since last request: 0.006976 seconds.
  path: Assets/Prefab/booksPrefabs/Books_18.prefab
  artifactKey: Guid(b3531634795f41c4c91be035d7b15559) Importer(815301076,1909f56bfc062723c751e8b465ee728b)
Start importing Assets/Prefab/booksPrefabs/Books_18.prefab using Guid(b3531634795f41c4c91be035d7b15559) Importer(815301076,1909f56bfc062723c751e8b465ee728b)  -> (artifact id: '959fed77c116edc446e59bed800b38e1') in 0.052547 seconds
Number of updated asset objects reloaded before import = 0
Number of asset objects unloaded after import = 11
========================================================================
Received Import Request.
  Time since last request: 0.000805 seconds.
  path: Assets/Prefab/booksPrefabs/Books_15.prefab
  artifactKey: Guid(7171862ec87b07b47addc4d6c1e3686d) Importer(815301076,1909f56bfc062723c751e8b465ee728b)
Start importing Assets/Prefab/booksPrefabs/Books_15.prefab using Guid(7171862ec87b07b47addc4d6c1e3686d) Importer(815301076,1909f56bfc062723c751e8b465ee728b)  -> (artifact id: '74fe9afd62c473fe838cf8dbb4d2f2d3') in 0.032615 seconds
Number of updated asset objects reloaded before import = 0
Number of asset objects unloaded after import = 11
