Using pre-set license
Built from '2022.3/staging' branch; Version is '2022.3.24f1 (334eb2a0b267) revision 3362482'; Using compiler version '192829333'; Build Type 'Release'
OS: 'Windows 11  (10.0.22631) 64bit Professional' Language: 'sv' Physical Memory: 16309 MB
BatchMode: 1, IsHumanControllingUs: 0, StartBugReporterOnCrash: 0, Is64bit: 1, IsPro: 1

COMMAND LINE ARGUMENTS:
C:\Program Files\Unity\Hub\Editor\2022.3.24f1\Editor\Unity.exe
-adb2
-batchMode
-noUpm
-name
AssetImportWorker3
-projectPath
C:/Users/SarcasticLord/Documents/block/BlockbusterSimulator
-logFile
Logs/AssetImportWorker3.log
-srvPort
54563
Successfully changed project path to: C:/Users/SarcasticLord/Documents/block/BlockbusterSimulator
C:/Users/SarcasticLord/Documents/block/BlockbusterSimulator
[UnityMemory] Configuration Parameters - Can be set up in boot.config
    "memorysetup-bucket-allocator-granularity=16"
    "memorysetup-bucket-allocator-bucket-count=8"
    "memorysetup-bucket-allocator-block-size=33554432"
    "memorysetup-bucket-allocator-block-count=8"
    "memorysetup-main-allocator-block-size=16777216"
    "memorysetup-thread-allocator-block-size=16777216"
    "memorysetup-gfx-main-allocator-block-size=16777216"
    "memorysetup-gfx-thread-allocator-block-size=16777216"
    "memorysetup-cache-allocator-block-size=4194304"
    "memorysetup-typetree-allocator-block-size=2097152"
    "memorysetup-profiler-bucket-allocator-granularity=16"
    "memorysetup-profiler-bucket-allocator-bucket-count=8"
    "memorysetup-profiler-bucket-allocator-block-size=33554432"
    "memorysetup-profiler-bucket-allocator-block-count=8"
    "memorysetup-profiler-allocator-block-size=16777216"
    "memorysetup-profiler-editor-allocator-block-size=1048576"
    "memorysetup-temp-allocator-size-main=16777216"
    "memorysetup-job-temp-allocator-block-size=2097152"
    "memorysetup-job-temp-allocator-block-size-background=1048576"
    "memorysetup-job-temp-allocator-reduction-small-platforms=262144"
    "memorysetup-allocator-temp-initial-block-size-main=262144"
    "memorysetup-allocator-temp-initial-block-size-worker=262144"
    "memorysetup-temp-allocator-size-background-worker=32768"
    "memorysetup-temp-allocator-size-job-worker=262144"
    "memorysetup-temp-allocator-size-preload-manager=33554432"
    "memorysetup-temp-allocator-size-nav-mesh-worker=65536"
    "memorysetup-temp-allocator-size-audio-worker=65536"
    "memorysetup-temp-allocator-size-cloud-worker=32768"
    "memorysetup-temp-allocator-size-gi-baking-worker=262144"
    "memorysetup-temp-allocator-size-gfx=262144"
Player connection [11760] Host "[IP] 10.0.0.112 [Port] 0 [Flags] 2 [Guid] 2670880557 [EditorId] 2670880557 [Version] 1048832 [Id] WindowsEditor(7,Type-40-Mk-1-TT) [Debug] 1 [PackageName] WindowsEditor [ProjectName] Editor" joined multi-casting on [225.0.0.222:54997]...

Player connection [11760] Host "[IP] 10.0.0.112 [Port] 0 [Flags] 2 [Guid] 2670880557 [EditorId] 2670880557 [Version] 1048832 [Id] WindowsEditor(7,Type-40-Mk-1-TT) [Debug] 1 [PackageName] WindowsEditor [ProjectName] Editor" joined alternative multi-casting on [225.0.0.222:34997]...

[Physics::Module] Initialized MultithreadedJobDispatcher with 11 workers.
Refreshing native plugins compatible for Editor in 12.78 ms, found 3 plugins.
Preloading 0 native plugins for Editor in 0.00 ms.
Initialize engine version: 2022.3.24f1 (334eb2a0b267)
[Subsystems] Discovering subsystems at path C:/Program Files/Unity/Hub/Editor/2022.3.24f1/Editor/Data/Resources/UnitySubsystems
[Subsystems] Discovering subsystems at path C:/Users/SarcasticLord/Documents/block/BlockbusterSimulator/Assets
GfxDevice: creating device client; threaded=0; jobified=0
Direct3D:
    Version:  Direct3D 11.0 [level 11.1]
    Renderer: NVIDIA GeForce RTX 3070 (ID=0x2484)
    Vendor:   NVIDIA
    VRAM:     8018 MB
    Driver:   32.0.15.6094
Initialize mono
Mono path[0] = 'C:/Program Files/Unity/Hub/Editor/2022.3.24f1/Editor/Data/Managed'
Mono path[1] = 'C:/Program Files/Unity/Hub/Editor/2022.3.24f1/Editor/Data/MonoBleedingEdge/lib/mono/unityjit-win32'
Mono config path = 'C:/Program Files/Unity/Hub/Editor/2022.3.24f1/Editor/Data/MonoBleedingEdge/etc'
Using monoOptions --debugger-agent=transport=dt_socket,embedding=1,server=y,suspend=n,address=127.0.0.1:56452
Begin MonoManager ReloadAssembly
Registering precompiled unity dll's ...
Register platform support module: C:/Program Files/Unity/Hub/Editor/2022.3.24f1/Editor/Data/PlaybackEngines/WindowsStandaloneSupport/UnityEditor.WindowsStandalone.Extensions.dll
Registered in 0.008299 seconds.
- Loaded All Assemblies, in  0.359 seconds
Native extension for WindowsStandalone target not found
Mono: successfully reloaded assembly
- Finished resetting the current domain, in  0.242 seconds
Domain Reload Profiling: 598ms
	BeginReloadAssembly (123ms)
		ExecutionOrderSort (0ms)
		DisableScriptedObjects (0ms)
		BackupInstance (0ms)
		ReleaseScriptingObjects (0ms)
		CreateAndSetChildDomain (1ms)
	RebuildCommonClasses (35ms)
	RebuildNativeTypeToScriptingClass (10ms)
	initialDomainReloadingComplete (59ms)
	LoadAllAssembliesAndSetupDomain (128ms)
		LoadAssemblies (121ms)
		RebuildTransferFunctionScriptingTraits (0ms)
		AnalyzeDomain (127ms)
			TypeCache.Refresh (125ms)
				TypeCache.ScanAssembly (113ms)
			ScanForSourceGeneratedMonoScriptInfo (0ms)
			ResolveRequiredComponents (0ms)
	FinalizeReload (242ms)
		ReleaseScriptCaches (0ms)
		RebuildScriptCaches (0ms)
		SetupLoadedEditorAssemblies (193ms)
			LogAssemblyErrors (0ms)
			InitializePlatformSupportModulesInManaged (8ms)
			SetLoadedEditorAssemblies (8ms)
			RefreshPlugins (0ms)
			BeforeProcessingInitializeOnLoad (2ms)
			ProcessInitializeOnLoadAttributes (129ms)
			ProcessInitializeOnLoadMethodAttributes (46ms)
			AfterProcessingInitializeOnLoad (0ms)
			EditorAssembliesLoaded (0ms)
		ExecutionOrderSort2 (0ms)
		AwakeInstancesAfterBackupRestoration (0ms)
========================================================================
Worker process is ready to serve import requests
Begin MonoManager ReloadAssembly
- Loaded All Assemblies, in  0.782 seconds
Refreshing native plugins compatible for Editor in 5.45 ms, found 3 plugins.
Native extension for WindowsStandalone target not found
Mono: successfully reloaded assembly
- Finished resetting the current domain, in  0.717 seconds
Domain Reload Profiling: 1493ms
	BeginReloadAssembly (140ms)
		ExecutionOrderSort (0ms)
		DisableScriptedObjects (5ms)
		BackupInstance (0ms)
		ReleaseScriptingObjects (0ms)
		CreateAndSetChildDomain (20ms)
	RebuildCommonClasses (28ms)
	RebuildNativeTypeToScriptingClass (8ms)
	initialDomainReloadingComplete (42ms)
	LoadAllAssembliesAndSetupDomain (558ms)
		LoadAssemblies (400ms)
		RebuildTransferFunctionScriptingTraits (0ms)
		AnalyzeDomain (245ms)
			TypeCache.Refresh (205ms)
				TypeCache.ScanAssembly (187ms)
			ScanForSourceGeneratedMonoScriptInfo (28ms)
			ResolveRequiredComponents (10ms)
	FinalizeReload (717ms)
		ReleaseScriptCaches (0ms)
		RebuildScriptCaches (0ms)
		SetupLoadedEditorAssemblies (581ms)
			LogAssemblyErrors (0ms)
			InitializePlatformSupportModulesInManaged (5ms)
			SetLoadedEditorAssemblies (3ms)
			RefreshPlugins (0ms)
			BeforeProcessingInitializeOnLoad (79ms)
			ProcessInitializeOnLoadAttributes (423ms)
			ProcessInitializeOnLoadMethodAttributes (63ms)
			AfterProcessingInitializeOnLoad (7ms)
			EditorAssembliesLoaded (0ms)
		ExecutionOrderSort2 (0ms)
		AwakeInstancesAfterBackupRestoration (6ms)
Launched and connected shader compiler UnityShaderCompiler.exe after 0.05 seconds
Refreshing native plugins compatible for Editor in 10.29 ms, found 3 plugins.
Preloading 0 native plugins for Editor in 0.00 ms.
Unloading 5651 Unused Serialized files (Serialized files now loaded: 0)
Unloading 92 unused Assets / (0.8 MB). Loaded Objects now: 6102.
Memory consumption went from 214.8 MB to 213.9 MB.
Total: 5.963200 ms (FindLiveObjects: 0.769000 ms CreateObjectMapping: 0.198800 ms MarkObjects: 4.411500 ms  DeleteObjects: 0.582600 ms)

AssetImportParameters requested are different than current active one (requested -> active):
  custom:container-demuxer-ogg: 62fdf1f143b41e24485cea50d1cbac27 -> 
  custom:video-decoder-ogg-theora: a1e56fd34408186e4bbccfd4996cb3dc -> 
  custom:framework-win-MediaFoundation: 216162199b28c13a410421893ffa2e32 -> 
  custom:CustomObjectIndexerAttribute: 72b91833f83ae208fae7752999fa3104 -> 
  custom:container-demuxer-webm: 4f35f7cbe854078d1ac9338744f61a02 -> 
  custom:container-muxer-webm: aa71ff27fc2769a1b78a27578f13a17b -> 
  custom:video-decoder-webm-vp8: 9c59270c3fd7afecdb556c50c9e8de78 -> 
  custom:SearchIndexIgnoredProperties: e643bd26f0fe6173181afceb89e7c659 -> 
  custom:AudioImporter_EditorPlatform: d09bf68614088b80899f8185d706f6e7 -> 
  custom:video-encoder-webm-vp8: eb34c28f22e8b96e1ab97ce403110664 -> 
  custom:audio-decoder-ogg-vorbis: bf7c407c2cedff20999df2af8eb42d56 -> 
  custom:audio-encoder-webm-vorbis: bf7c407c2cedff20999df2af8eb42d56 -> 
========================================================================
Received Import Request.
  Time since last request: 7442.937729 seconds.
  path: Assets/Prefab/PickableWeapon.prefab
  artifactKey: Guid(621250a5e6fb53c4e973c4712b1801f2) Importer(815301076,1909f56bfc062723c751e8b465ee728b)
Start importing Assets/Prefab/PickableWeapon.prefab using Guid(621250a5e6fb53c4e973c4712b1801f2) Importer(815301076,1909f56bfc062723c751e8b465ee728b)  -> (artifact id: '5f40d8674ce3d4e005d81b489afd5b7d') in 0.204986 seconds
Number of updated asset objects reloaded before import = 0
Number of asset objects unloaded after import = 55
========================================================================
Received Import Request.
  Time since last request: 5.732831 seconds.
  path: Assets/Prefab/booksPrefabs/Book_05.prefab
  artifactKey: Guid(ea73ac8887b117a46a3858c8d1887c76) Importer(815301076,1909f56bfc062723c751e8b465ee728b)
Start importing Assets/Prefab/booksPrefabs/Book_05.prefab using Guid(ea73ac8887b117a46a3858c8d1887c76) Importer(815301076,1909f56bfc062723c751e8b465ee728b)  -> (artifact id: '2714f77132cd901e0e3b7e7e7cbe1d19') in 2.472506 seconds
Number of updated asset objects reloaded before import = 0
Number of asset objects unloaded after import = 11
========================================================================
Received Import Request.
  Time since last request: 0.004368 seconds.
  path: Assets/Prefab/booksPrefabs/Book_51.prefab
  artifactKey: Guid(ef961ef73dbbcc948b123a983b8e1aae) Importer(815301076,1909f56bfc062723c751e8b465ee728b)
Start importing Assets/Prefab/booksPrefabs/Book_51.prefab using Guid(ef961ef73dbbcc948b123a983b8e1aae) Importer(815301076,1909f56bfc062723c751e8b465ee728b)  -> (artifact id: '251faf0173d28c935af31118db99f3dc') in 0.057276 seconds
Number of updated asset objects reloaded before import = 0
Number of asset objects unloaded after import = 11
========================================================================
Received Import Request.
  Time since last request: 0.000294 seconds.
  path: Assets/Prefab/booksPrefabs/Book_33.prefab
  artifactKey: Guid(f0fbe3a45c915cd479daa188875b76e9) Importer(815301076,1909f56bfc062723c751e8b465ee728b)
Start importing Assets/Prefab/booksPrefabs/Book_33.prefab using Guid(f0fbe3a45c915cd479daa188875b76e9) Importer(815301076,1909f56bfc062723c751e8b465ee728b)  -> (artifact id: '1ac9f225097b9df1b4c3517ba27e8102') in 0.034774 seconds
Number of updated asset objects reloaded before import = 0
Number of asset objects unloaded after import = 11
========================================================================
Received Import Request.
  Time since last request: 0.000205 seconds.
  path: Assets/Prefab/booksPrefabs/Book_41.prefab
  artifactKey: Guid(5cc3acbf92ca1414f9e5202c88903015) Importer(815301076,1909f56bfc062723c751e8b465ee728b)
Start importing Assets/Prefab/booksPrefabs/Book_41.prefab using Guid(5cc3acbf92ca1414f9e5202c88903015) Importer(815301076,1909f56bfc062723c751e8b465ee728b)  -> (artifact id: '7a4611f1a8587d47c3d59b22f31aa129') in 0.067015 seconds
Number of updated asset objects reloaded before import = 0
Number of asset objects unloaded after import = 11
========================================================================
Received Import Request.
  Time since last request: 0.011280 seconds.
  path: Assets/Prefab/booksPrefabs/Book_50.prefab
  artifactKey: Guid(7332e86eb26e8304cb599d59557fd313) Importer(815301076,1909f56bfc062723c751e8b465ee728b)
Start importing Assets/Prefab/booksPrefabs/Book_50.prefab using Guid(7332e86eb26e8304cb599d59557fd313) Importer(815301076,1909f56bfc062723c751e8b465ee728b)  -> (artifact id: '648c2266720377c8fc2f31bc35bf7cb7') in 0.143320 seconds
Number of updated asset objects reloaded before import = 0
Number of asset objects unloaded after import = 11
========================================================================
Received Import Request.
  Time since last request: 0.009733 seconds.
  path: Assets/Prefab/booksPrefabs/Book_38.prefab
  artifactKey: Guid(8d3390da787d3844bbc4bcde9ca169ab) Importer(815301076,1909f56bfc062723c751e8b465ee728b)
Start importing Assets/Prefab/booksPrefabs/Book_38.prefab using Guid(8d3390da787d3844bbc4bcde9ca169ab) Importer(815301076,1909f56bfc062723c751e8b465ee728b)  -> (artifact id: '42030eb0332fb8b9450850c68997bf93') in 0.050598 seconds
Number of updated asset objects reloaded before import = 0
Number of asset objects unloaded after import = 11
========================================================================
Received Import Request.
  Time since last request: 0.006012 seconds.
  path: Assets/Prefab/booksPrefabs/Book_59.prefab
  artifactKey: Guid(03723e9b1fea55c4388212dd969437ab) Importer(815301076,1909f56bfc062723c751e8b465ee728b)
Start importing Assets/Prefab/booksPrefabs/Book_59.prefab using Guid(03723e9b1fea55c4388212dd969437ab) Importer(815301076,1909f56bfc062723c751e8b465ee728b)  -> (artifact id: '6045a7209efb07e107beb8b1ceea2211') in 0.081120 seconds
Number of updated asset objects reloaded before import = 0
Number of asset objects unloaded after import = 11
========================================================================
Received Import Request.
  Time since last request: 0.004699 seconds.
  path: Assets/Prefab/booksPrefabs/Book_57.prefab
  artifactKey: Guid(c9af877c9e2ef964baffd5ad3713c982) Importer(815301076,1909f56bfc062723c751e8b465ee728b)
Start importing Assets/Prefab/booksPrefabs/Book_57.prefab using Guid(c9af877c9e2ef964baffd5ad3713c982) Importer(815301076,1909f56bfc062723c751e8b465ee728b)  -> (artifact id: '9af39a262689914067e703d86a90f29f') in 0.121777 seconds
Number of updated asset objects reloaded before import = 0
Number of asset objects unloaded after import = 11
========================================================================
Received Import Request.
  Time since last request: 0.002001 seconds.
  path: Assets/Prefab/booksPrefabs/Book_55.prefab
  artifactKey: Guid(e36ef7331c23e234398a1ec25f0ef901) Importer(815301076,1909f56bfc062723c751e8b465ee728b)
Start importing Assets/Prefab/booksPrefabs/Book_55.prefab using Guid(e36ef7331c23e234398a1ec25f0ef901) Importer(815301076,1909f56bfc062723c751e8b465ee728b)  -> (artifact id: '9a9aeb6a0aeaee9ee0e48fc75974491a') in 0.068362 seconds
Number of updated asset objects reloaded before import = 0
Number of asset objects unloaded after import = 11
========================================================================
Received Import Request.
  Time since last request: 0.014294 seconds.
  path: Assets/Prefab/booksPrefabs/Book_24.prefab
  artifactKey: Guid(9892017200d0cc94d88831a60a2060b0) Importer(815301076,1909f56bfc062723c751e8b465ee728b)
Start importing Assets/Prefab/booksPrefabs/Book_24.prefab using Guid(9892017200d0cc94d88831a60a2060b0) Importer(815301076,1909f56bfc062723c751e8b465ee728b)  -> (artifact id: '934f9153d25447abdcf8066597f748ef') in 0.065200 seconds
Number of updated asset objects reloaded before import = 0
Number of asset objects unloaded after import = 11
========================================================================
Received Import Request.
  Time since last request: 0.012745 seconds.
  path: Assets/Prefab/booksPrefabs/Book_45.prefab
  artifactKey: Guid(e73134f143ea4dd42b33fac3c77cd425) Importer(815301076,1909f56bfc062723c751e8b465ee728b)
Start importing Assets/Prefab/booksPrefabs/Book_45.prefab using Guid(e73134f143ea4dd42b33fac3c77cd425) Importer(815301076,1909f56bfc062723c751e8b465ee728b)  -> (artifact id: 'f9047cc11c3982ec64143a8a16e56f8f') in 0.239529 seconds
Number of updated asset objects reloaded before import = 0
Number of asset objects unloaded after import = 11
========================================================================
Received Import Request.
  Time since last request: 0.000972 seconds.
  path: Assets/Prefab/booksPrefabs/Books_31.prefab
  artifactKey: Guid(cd9ee0d725941cb43924fc8ace46aff6) Importer(815301076,1909f56bfc062723c751e8b465ee728b)
Start importing Assets/Prefab/booksPrefabs/Books_31.prefab using Guid(cd9ee0d725941cb43924fc8ace46aff6) Importer(815301076,1909f56bfc062723c751e8b465ee728b)  -> (artifact id: '44efd06888391d315717e0631805ce9c') in 0.123547 seconds
Number of updated asset objects reloaded before import = 0
Number of asset objects unloaded after import = 14
========================================================================
Received Import Request.
  Time since last request: 0.000024 seconds.
  path: Assets/Prefab/booksPrefabs/Book_12.prefab
  artifactKey: Guid(c04c60cb87ebdc8458571b190fb2255d) Importer(815301076,1909f56bfc062723c751e8b465ee728b)
Start importing Assets/Prefab/booksPrefabs/Book_12.prefab using Guid(c04c60cb87ebdc8458571b190fb2255d) Importer(815301076,1909f56bfc062723c751e8b465ee728b)  -> (artifact id: 'db01e22c7fdc17cacd6434a29392aa51') in 0.427568 seconds
Number of updated asset objects reloaded before import = 0
Number of asset objects unloaded after import = 11
========================================================================
Received Import Request.
  Time since last request: 0.017707 seconds.
  path: Assets/Prefab/booksPrefabs/Books_13.prefab
  artifactKey: Guid(00e2fda8feb9b4349a0f704095edb0ed) Importer(815301076,1909f56bfc062723c751e8b465ee728b)
Start importing Assets/Prefab/booksPrefabs/Books_13.prefab using Guid(00e2fda8feb9b4349a0f704095edb0ed) Importer(815301076,1909f56bfc062723c751e8b465ee728b)  -> (artifact id: '375b5cdfb9b69705a2ae2f8c4f9b7ad3') in 0.116321 seconds
Number of updated asset objects reloaded before import = 0
Number of asset objects unloaded after import = 11
========================================================================
Received Import Request.
  Time since last request: 0.015093 seconds.
  path: Assets/Prefab/booksPrefabs/Book_09.prefab
  artifactKey: Guid(a33884f9b265434498736dbc4c5bcf03) Importer(815301076,1909f56bfc062723c751e8b465ee728b)
Start importing Assets/Prefab/booksPrefabs/Book_09.prefab using Guid(a33884f9b265434498736dbc4c5bcf03) Importer(815301076,1909f56bfc062723c751e8b465ee728b)  -> (artifact id: '56537aad83575c421e79931403e3a2a2') in 0.039670 seconds
Number of updated asset objects reloaded before import = 0
Number of asset objects unloaded after import = 11
